2025-07-23 22:39:17,789 - Namespace(device='cuda', dataset='CA', years='2019', model_name='Patch_dj', seed=1, adj_type='doubletransition', bs=8, seq_len=12, horizon=12, input_dim=3, output_dim=1, mode='train', max_epochs=100, patience=30, cuda=0, batch_size=8, max_epoch=50, learning_rate=0.001, weight_decay=5e-05, clip_grad_value=5, input_len=12, output_len=12, his_len=0, train_ratio=0.6, val_ratio=0.2, test_ratio=0.2, layers=4, tem_patchsize=12, tem_patchnum=1, node_num=8600, tod=96, dow=7, input_dims=64, node_dims=64, tod_dims=32, dow_dims=32, patch_num=32, patch_inner=32, patch_file='./data/ca/patch_to_nodes_120_dj.json', sub_adj_file='./data/ca/patch_adj_matrices_120_dj.json', nhead=1)
2025-07-23 22:39:17,839 - Adj path: 
2025-07-23 22:39:31,776 - Data shape: (35040, 8600, 3)
2025-07-23 22:39:41,118 - Sample num: 21010, Batch num: 2626
2025-07-23 22:39:50,542 - Sample num: 7003, Batch num: 875
2025-07-23 22:40:00,170 - Sample num: 7004, Batch num: 875
2025-07-23 22:40:00,887 - The number of parameters: 2343276
2025-07-23 22:40:00,887 - Start training!
2025-07-23 22:50:31,648 - Epoch: 001, Train Loss: 31.2812, Train RMSE: 47.0258, Train MAPE: 0.3075, Train NSE: 0.9194,Train CORR: 0.9606, Valid Loss: 23.9416, Valid RMSE: 37.9023, Valid MAPE: 0.1999, Valid NSE: 0.9344, Valid CORR: 0.9713, Train Time: 581.8732s/epoch, Valid Time: 48.8781s, LR: 1.0000e-03
2025-07-23 22:50:32,019 - Val loss decrease from inf to 23.9416
2025-07-23 23:00:55,143 - Epoch: 002, Train Loss: 21.4005, Train RMSE: 33.5357, Train MAPE: 0.1879, Train NSE: 0.9610,Train CORR: 0.9807, Valid Loss: 20.2555, Valid RMSE: 32.7593, Valid MAPE: 0.1618, Valid NSE: 0.9602, Valid CORR: 0.9802, Train Time: 577.6958s/epoch, Valid Time: 45.4274s, LR: 5.0000e-04
2025-07-23 23:00:55,165 - Val loss decrease from 23.9416 to 20.2555
2025-07-23 23:11:20,859 - Epoch: 003, Train Loss: 19.7950, Train RMSE: 31.3510, Train MAPE: 0.1705, Train NSE: 0.9660,Train CORR: 0.9832, Valid Loss: 19.2767, Valid RMSE: 31.4046, Valid MAPE: 0.1568, Valid NSE: 0.9579, Valid CORR: 0.9817, Train Time: 580.2254s/epoch, Valid Time: 45.4693s, LR: 5.0000e-04
2025-07-23 23:11:20,881 - Val loss decrease from 20.2555 to 19.2767
2025-07-23 23:21:46,256 - Epoch: 004, Train Loss: 18.9932, Train RMSE: 30.2498, Train MAPE: 0.1606, Train NSE: 0.9684,Train CORR: 0.9843, Valid Loss: 18.6438, Valid RMSE: 30.6679, Valid MAPE: 0.1503, Valid NSE: 0.9604, Valid CORR: 0.9809, Train Time: 580.4493s/epoch, Valid Time: 44.9258s, LR: 5.0000e-04
2025-07-23 23:21:46,277 - Val loss decrease from 19.2767 to 18.6438
2025-07-23 23:32:58,622 - Epoch: 005, Train Loss: 18.3962, Train RMSE: 29.4565, Train MAPE: 0.1535, Train NSE: 0.9701,Train CORR: 0.9851, Valid Loss: 18.3710, Valid RMSE: 30.1216, Valid MAPE: 0.1572, Valid NSE: 0.9632, Valid CORR: 0.9814, Train Time: 622.7081s/epoch, Valid Time: 49.6369s, LR: 5.0000e-04
2025-07-23 23:32:58,644 - Val loss decrease from 18.6438 to 18.3710
2025-07-23 23:44:23,006 - Epoch: 006, Train Loss: 18.0036, Train RMSE: 28.9354, Train MAPE: 0.1491, Train NSE: 0.9712,Train CORR: 0.9857, Valid Loss: 17.9496, Valid RMSE: 29.4575, Valid MAPE: 0.1452, Valid NSE: 0.9644, Valid CORR: 0.9824, Train Time: 635.2450s/epoch, Valid Time: 49.1168s, LR: 5.0000e-04
2025-07-23 23:44:23,027 - Val loss decrease from 18.3710 to 17.9496
2025-07-23 23:55:16,657 - Epoch: 007, Train Loss: 17.6845, Train RMSE: 28.4946, Train MAPE: 0.1457, Train NSE: 0.9720,Train CORR: 0.9861, Valid Loss: 18.0063, Valid RMSE: 29.4702, Valid MAPE: 0.1401, Valid NSE: 0.9631, Valid CORR: 0.9814, Train Time: 606.5086s/epoch, Valid Time: 47.1213s, LR: 5.0000e-04
2025-07-24 00:06:07,140 - Epoch: 008, Train Loss: 17.4408, Train RMSE: 28.1999, Train MAPE: 0.1428, Train NSE: 0.9726,Train CORR: 0.9864, Valid Loss: 18.2298, Valid RMSE: 29.7732, Valid MAPE: 0.1418, Valid NSE: 0.9647, Valid CORR: 0.9822, Train Time: 604.0851s/epoch, Valid Time: 46.3962s, LR: 5.0000e-04
2025-07-24 00:16:56,588 - Epoch: 009, Train Loss: 17.2389, Train RMSE: 27.9207, Train MAPE: 0.1407, Train NSE: 0.9731,Train CORR: 0.9867, Valid Loss: 17.3337, Valid RMSE: 28.8681, Valid MAPE: 0.1373, Valid NSE: 0.9648, Valid CORR: 0.9826, Train Time: 603.3289s/epoch, Valid Time: 46.1195s, LR: 5.0000e-04
2025-07-24 00:16:56,623 - Val loss decrease from 17.9496 to 17.3337
2025-07-24 00:27:45,727 - Epoch: 010, Train Loss: 17.0469, Train RMSE: 27.6683, Train MAPE: 0.1384, Train NSE: 0.9737,Train CORR: 0.9869, Valid Loss: 17.2013, Valid RMSE: 28.8181, Valid MAPE: 0.1350, Valid NSE: 0.9620, Valid CORR: 0.9828, Train Time: 602.9666s/epoch, Valid Time: 46.1375s, LR: 5.0000e-04
2025-07-24 00:27:45,748 - Val loss decrease from 17.3337 to 17.2013
2025-07-24 00:38:35,439 - Epoch: 011, Train Loss: 16.9134, Train RMSE: 27.4888, Train MAPE: 0.1369, Train NSE: 0.9740,Train CORR: 0.9870, Valid Loss: 17.2307, Valid RMSE: 28.7046, Valid MAPE: 0.1315, Valid NSE: 0.9620, Valid CORR: 0.9834, Train Time: 603.3190s/epoch, Valid Time: 46.3721s, LR: 5.0000e-04
2025-07-24 00:49:24,658 - Epoch: 012, Train Loss: 16.7774, Train RMSE: 27.3205, Train MAPE: 0.1355, Train NSE: 0.9743,Train CORR: 0.9872, Valid Loss: 17.2650, Valid RMSE: 28.7680, Valid MAPE: 0.1323, Valid NSE: 0.9612, Valid CORR: 0.9829, Train Time: 602.9990s/epoch, Valid Time: 46.2198s, LR: 5.0000e-04
2025-07-24 01:00:13,621 - Epoch: 013, Train Loss: 16.6656, Train RMSE: 27.1747, Train MAPE: 0.1340, Train NSE: 0.9745,Train CORR: 0.9873, Valid Loss: 17.0413, Valid RMSE: 28.5795, Valid MAPE: 0.1369, Valid NSE: 0.9627, Valid CORR: 0.9816, Train Time: 602.9054s/epoch, Valid Time: 46.0570s, LR: 5.0000e-04
2025-07-24 01:00:13,642 - Val loss decrease from 17.2013 to 17.0413
2025-07-24 01:11:03,282 - Epoch: 014, Train Loss: 16.5892, Train RMSE: 27.1013, Train MAPE: 0.1333, Train NSE: 0.9746,Train CORR: 0.9874, Valid Loss: 16.8632, Valid RMSE: 28.2751, Valid MAPE: 0.1374, Valid NSE: 0.9642, Valid CORR: 0.9823, Train Time: 603.1307s/epoch, Valid Time: 46.5092s, LR: 5.0000e-04
2025-07-24 01:11:03,302 - Val loss decrease from 17.0413 to 16.8632
2025-07-24 01:21:53,825 - Epoch: 015, Train Loss: 16.4679, Train RMSE: 26.9328, Train MAPE: 0.1320, Train NSE: 0.9750,Train CORR: 0.9876, Valid Loss: 16.9170, Valid RMSE: 28.5115, Valid MAPE: 0.1325, Valid NSE: 0.9637, Valid CORR: 0.9824, Train Time: 604.1730s/epoch, Valid Time: 46.3499s, LR: 5.0000e-04
2025-07-24 01:32:43,746 - Epoch: 016, Train Loss: 16.3860, Train RMSE: 26.8350, Train MAPE: 0.1309, Train NSE: 0.9752,Train CORR: 0.9877, Valid Loss: 16.9385, Valid RMSE: 28.3024, Valid MAPE: 0.1360, Valid NSE: 0.9657, Valid CORR: 0.9833, Train Time: 603.4692s/epoch, Valid Time: 46.4516s, LR: 5.0000e-04
2025-07-24 01:43:30,061 - Epoch: 017, Train Loss: 16.3231, Train RMSE: 26.7316, Train MAPE: 0.1303, Train NSE: 0.9754,Train CORR: 0.9878, Valid Loss: 16.8175, Valid RMSE: 28.2628, Valid MAPE: 0.1347, Valid NSE: 0.9632, Valid CORR: 0.9815, Train Time: 601.5983s/epoch, Valid Time: 44.7158s, LR: 5.0000e-04
2025-07-24 01:43:30,082 - Val loss decrease from 16.8632 to 16.8175
2025-07-24 01:53:52,638 - Epoch: 018, Train Loss: 16.2621, Train RMSE: 26.6617, Train MAPE: 0.1295, Train NSE: 0.9756,Train CORR: 0.9878, Valid Loss: 16.8146, Valid RMSE: 28.1526, Valid MAPE: 0.1295, Valid NSE: 0.9647, Valid CORR: 0.9822, Train Time: 577.5793s/epoch, Valid Time: 44.9763s, LR: 5.0000e-04
2025-07-24 01:53:52,653 - Val loss decrease from 16.8175 to 16.8146
2025-07-24 02:04:15,021 - Epoch: 019, Train Loss: 16.1640, Train RMSE: 26.5476, Train MAPE: 0.1286, Train NSE: 0.9757,Train CORR: 0.9879, Valid Loss: 16.7540, Valid RMSE: 28.1929, Valid MAPE: 0.1364, Valid NSE: 0.9623, Valid CORR: 0.9823, Train Time: 577.1037s/epoch, Valid Time: 45.2642s, LR: 5.0000e-04
2025-07-24 02:04:15,036 - Val loss decrease from 16.8146 to 16.7540
2025-07-24 02:14:34,239 - Epoch: 020, Train Loss: 16.1180, Train RMSE: 26.4857, Train MAPE: 0.1278, Train NSE: 0.9759,Train CORR: 0.9880, Valid Loss: 16.9660, Valid RMSE: 28.2311, Valid MAPE: 0.1260, Valid NSE: 0.9656, Valid CORR: 0.9829, Train Time: 574.4315s/epoch, Valid Time: 44.7704s, LR: 5.0000e-04
2025-07-24 02:24:50,144 - Epoch: 021, Train Loss: 16.0749, Train RMSE: 26.4316, Train MAPE: 0.1274, Train NSE: 0.9760,Train CORR: 0.9880, Valid Loss: 16.7269, Valid RMSE: 28.6637, Valid MAPE: 0.1317, Valid NSE: 0.9635, Valid CORR: 0.9828, Train Time: 571.3943s/epoch, Valid Time: 44.5106s, LR: 5.0000e-04
2025-07-24 02:24:50,167 - Val loss decrease from 16.7540 to 16.7269
2025-07-24 02:35:05,874 - Epoch: 022, Train Loss: 16.0143, Train RMSE: 26.3580, Train MAPE: 0.1265, Train NSE: 0.9760,Train CORR: 0.9881, Valid Loss: 16.8382, Valid RMSE: 28.1324, Valid MAPE: 0.1323, Valid NSE: 0.9630, Valid CORR: 0.9815, Train Time: 571.1248s/epoch, Valid Time: 44.5820s, LR: 5.0000e-04
2025-07-24 02:45:21,637 - Epoch: 023, Train Loss: 15.9825, Train RMSE: 26.3231, Train MAPE: 0.1263, Train NSE: 0.9762,Train CORR: 0.9881, Valid Loss: 16.8589, Valid RMSE: 28.2160, Valid MAPE: 0.1397, Valid NSE: 0.9640, Valid CORR: 0.9819, Train Time: 571.0430s/epoch, Valid Time: 44.7193s, LR: 5.0000e-04
2025-07-24 02:55:37,285 - Epoch: 024, Train Loss: 15.9378, Train RMSE: 26.2648, Train MAPE: 0.1260, Train NSE: 0.9763,Train CORR: 0.9882, Valid Loss: 16.5000, Valid RMSE: 27.9147, Valid MAPE: 0.1266, Valid NSE: 0.9666, Valid CORR: 0.9833, Train Time: 571.2407s/epoch, Valid Time: 44.4081s, LR: 5.0000e-04
2025-07-24 02:55:37,307 - Val loss decrease from 16.7269 to 16.5000
2025-07-24 03:05:52,995 - Epoch: 025, Train Loss: 15.8758, Train RMSE: 26.1905, Train MAPE: 0.1251, Train NSE: 0.9764,Train CORR: 0.9882, Valid Loss: 16.3770, Valid RMSE: 27.8228, Valid MAPE: 0.1249, Valid NSE: 0.9642, Valid CORR: 0.9823, Train Time: 571.1164s/epoch, Valid Time: 44.5708s, LR: 5.0000e-04
2025-07-24 03:05:53,017 - Val loss decrease from 16.5000 to 16.3770
2025-07-24 03:16:08,822 - Epoch: 026, Train Loss: 15.8602, Train RMSE: 26.1565, Train MAPE: 0.1252, Train NSE: 0.9765,Train CORR: 0.9883, Valid Loss: 16.4127, Valid RMSE: 27.7361, Valid MAPE: 0.1307, Valid NSE: 0.9652, Valid CORR: 0.9826, Train Time: 571.3151s/epoch, Valid Time: 44.4899s, LR: 5.0000e-04
2025-07-24 03:26:24,462 - Epoch: 027, Train Loss: 15.8136, Train RMSE: 26.1047, Train MAPE: 0.1244, Train NSE: 0.9766,Train CORR: 0.9883, Valid Loss: 16.6275, Valid RMSE: 28.0169, Valid MAPE: 0.1231, Valid NSE: 0.9652, Valid CORR: 0.9827, Train Time: 571.1313s/epoch, Valid Time: 44.5089s, LR: 5.0000e-04
2025-07-24 03:36:40,225 - Epoch: 028, Train Loss: 15.7861, Train RMSE: 26.0729, Train MAPE: 0.1244, Train NSE: 0.9767,Train CORR: 0.9884, Valid Loss: 16.4705, Valid RMSE: 27.9359, Valid MAPE: 0.1250, Valid NSE: 0.9640, Valid CORR: 0.9819, Train Time: 571.3453s/epoch, Valid Time: 44.4170s, LR: 5.0000e-04
2025-07-24 03:46:56,106 - Epoch: 029, Train Loss: 15.7675, Train RMSE: 26.0451, Train MAPE: 0.1239, Train NSE: 0.9767,Train CORR: 0.9884, Valid Loss: 16.4182, Valid RMSE: 27.9720, Valid MAPE: 0.1252, Valid NSE: 0.9663, Valid CORR: 0.9837, Train Time: 571.3592s/epoch, Valid Time: 44.5220s, LR: 5.0000e-04
2025-07-24 03:57:12,108 - Epoch: 030, Train Loss: 15.7462, Train RMSE: 26.0170, Train MAPE: 0.1237, Train NSE: 0.9766,Train CORR: 0.9884, Valid Loss: 16.4145, Valid RMSE: 27.8180, Valid MAPE: 0.1234, Valid NSE: 0.9643, Valid CORR: 0.9831, Train Time: 571.2531s/epoch, Valid Time: 44.7487s, LR: 5.0000e-04
2025-07-24 04:07:27,690 - Epoch: 031, Train Loss: 15.7181, Train RMSE: 25.9826, Train MAPE: 0.1235, Train NSE: 0.9768,Train CORR: 0.9884, Valid Loss: 16.5419, Valid RMSE: 27.8429, Valid MAPE: 0.1268, Valid NSE: 0.9637, Valid CORR: 0.9821, Train Time: 571.0564s/epoch, Valid Time: 44.5244s, LR: 5.0000e-04
2025-07-24 04:17:43,534 - Epoch: 032, Train Loss: 15.6665, Train RMSE: 25.9029, Train MAPE: 0.1230, Train NSE: 0.9769,Train CORR: 0.9885, Valid Loss: 16.4821, Valid RMSE: 27.8935, Valid MAPE: 0.1246, Valid NSE: 0.9656, Valid CORR: 0.9830, Train Time: 571.2779s/epoch, Valid Time: 44.5667s, LR: 5.0000e-04
2025-07-24 04:27:59,296 - Epoch: 033, Train Loss: 15.6648, Train RMSE: 25.9188, Train MAPE: 0.1229, Train NSE: 0.9769,Train CORR: 0.9885, Valid Loss: 16.3920, Valid RMSE: 27.8592, Valid MAPE: 0.1217, Valid NSE: 0.9637, Valid CORR: 0.9820, Train Time: 571.1346s/epoch, Valid Time: 44.6267s, LR: 5.0000e-04
2025-07-24 04:38:14,744 - Epoch: 034, Train Loss: 15.6332, Train RMSE: 25.8728, Train MAPE: 0.1225, Train NSE: 0.9770,Train CORR: 0.9885, Valid Loss: 16.4576, Valid RMSE: 27.8523, Valid MAPE: 0.1295, Valid NSE: 0.9647, Valid CORR: 0.9825, Train Time: 571.0499s/epoch, Valid Time: 44.3979s, LR: 5.0000e-04
2025-07-24 04:48:30,738 - Epoch: 035, Train Loss: 15.6249, Train RMSE: 25.8718, Train MAPE: 0.1226, Train NSE: 0.9769,Train CORR: 0.9885, Valid Loss: 16.3716, Valid RMSE: 27.8284, Valid MAPE: 0.1226, Valid NSE: 0.9667, Valid CORR: 0.9837, Train Time: 571.4881s/epoch, Valid Time: 44.5052s, LR: 5.0000e-04
2025-07-24 04:48:30,760 - Val loss decrease from 16.3770 to 16.3716
2025-07-24 04:58:46,246 - Epoch: 036, Train Loss: 15.1634, Train RMSE: 25.3786, Train MAPE: 0.1164, Train NSE: 0.9778,Train CORR: 0.9889, Valid Loss: 16.0298, Valid RMSE: 27.5466, Valid MAPE: 0.1178, Valid NSE: 0.9663, Valid CORR: 0.9831, Train Time: 571.1144s/epoch, Valid Time: 44.3722s, LR: 2.5000e-04
2025-07-24 04:58:46,268 - Val loss decrease from 16.3716 to 16.0298
2025-07-24 05:09:02,141 - Epoch: 037, Train Loss: 15.0901, Train RMSE: 25.2753, Train MAPE: 0.1157, Train NSE: 0.9780,Train CORR: 0.9890, Valid Loss: 15.9529, Valid RMSE: 27.3831, Valid MAPE: 0.1171, Valid NSE: 0.9663, Valid CORR: 0.9830, Train Time: 571.3439s/epoch, Valid Time: 44.5284s, LR: 2.5000e-04
2025-07-24 05:09:02,162 - Val loss decrease from 16.0298 to 15.9529
2025-07-24 05:19:17,893 - Epoch: 038, Train Loss: 15.0713, Train RMSE: 25.2486, Train MAPE: 0.1154, Train NSE: 0.9781,Train CORR: 0.9890, Valid Loss: 16.0314, Valid RMSE: 27.3615, Valid MAPE: 0.1210, Valid NSE: 0.9667, Valid CORR: 0.9835, Train Time: 571.1708s/epoch, Valid Time: 44.5590s, LR: 2.5000e-04
2025-07-24 05:29:33,768 - Epoch: 039, Train Loss: 15.0543, Train RMSE: 25.2236, Train MAPE: 0.1152, Train NSE: 0.9781,Train CORR: 0.9891, Valid Loss: 15.9373, Valid RMSE: 27.4134, Valid MAPE: 0.1203, Valid NSE: 0.9667, Valid CORR: 0.9838, Train Time: 571.2592s/epoch, Valid Time: 44.6155s, LR: 2.5000e-04
2025-07-24 05:29:33,790 - Val loss decrease from 15.9529 to 15.9373
2025-07-24 05:39:49,675 - Epoch: 040, Train Loss: 15.0441, Train RMSE: 25.2048, Train MAPE: 0.1153, Train NSE: 0.9781,Train CORR: 0.9891, Valid Loss: 15.9199, Valid RMSE: 27.3140, Valid MAPE: 0.1168, Valid NSE: 0.9661, Valid CORR: 0.9831, Train Time: 571.3351s/epoch, Valid Time: 44.5487s, LR: 2.5000e-04
2025-07-24 05:39:49,696 - Val loss decrease from 15.9373 to 15.9199
2025-07-24 05:50:05,349 - Epoch: 041, Train Loss: 14.8282, Train RMSE: 24.9731, Train MAPE: 0.1126, Train NSE: 0.9785,Train CORR: 0.9893, Valid Loss: 15.8685, Valid RMSE: 27.3332, Valid MAPE: 0.1169, Valid NSE: 0.9661, Valid CORR: 0.9834, Train Time: 571.2266s/epoch, Valid Time: 44.4254s, LR: 1.2500e-04
2025-07-24 05:50:05,370 - Val loss decrease from 15.9199 to 15.8685
2025-07-24 06:00:21,173 - Epoch: 042, Train Loss: 14.7920, Train RMSE: 24.9321, Train MAPE: 0.1122, Train NSE: 0.9787,Train CORR: 0.9893, Valid Loss: 15.7588, Valid RMSE: 27.1791, Valid MAPE: 0.1180, Valid NSE: 0.9666, Valid CORR: 0.9836, Train Time: 571.2104s/epoch, Valid Time: 44.5928s, LR: 1.2500e-04
2025-07-24 06:00:21,195 - Val loss decrease from 15.8685 to 15.7588
2025-07-24 06:10:37,106 - Epoch: 043, Train Loss: 14.7784, Train RMSE: 24.9117, Train MAPE: 0.1122, Train NSE: 0.9787,Train CORR: 0.9893, Valid Loss: 15.8588, Valid RMSE: 27.2748, Valid MAPE: 0.1176, Valid NSE: 0.9674, Valid CORR: 0.9836, Train Time: 571.4000s/epoch, Valid Time: 44.5114s, LR: 1.2500e-04
2025-07-24 06:20:53,080 - Epoch: 044, Train Loss: 14.7635, Train RMSE: 24.8938, Train MAPE: 0.1120, Train NSE: 0.9787,Train CORR: 0.9894, Valid Loss: 15.7792, Valid RMSE: 27.3726, Valid MAPE: 0.1164, Valid NSE: 0.9666, Valid CORR: 0.9838, Train Time: 571.3288s/epoch, Valid Time: 44.6439s, LR: 1.2500e-04
2025-07-24 06:31:08,878 - Epoch: 045, Train Loss: 14.7499, Train RMSE: 24.8695, Train MAPE: 0.1118, Train NSE: 0.9787,Train CORR: 0.9894, Valid Loss: 15.8500, Valid RMSE: 27.3074, Valid MAPE: 0.1151, Valid NSE: 0.9675, Valid CORR: 0.9837, Train Time: 571.3265s/epoch, Valid Time: 44.4714s, LR: 1.2500e-04
2025-07-24 06:41:24,814 - Epoch: 046, Train Loss: 14.7346, Train RMSE: 24.8509, Train MAPE: 0.1117, Train NSE: 0.9788,Train CORR: 0.9894, Valid Loss: 15.7944, Valid RMSE: 27.1995, Valid MAPE: 0.1184, Valid NSE: 0.9670, Valid CORR: 0.9838, Train Time: 571.3207s/epoch, Valid Time: 44.6156s, LR: 1.2500e-04
2025-07-24 06:51:40,626 - Epoch: 047, Train Loss: 14.7267, Train RMSE: 24.8411, Train MAPE: 0.1116, Train NSE: 0.9788,Train CORR: 0.9894, Valid Loss: 15.7253, Valid RMSE: 27.2442, Valid MAPE: 0.1168, Valid NSE: 0.9665, Valid CORR: 0.9834, Train Time: 571.3573s/epoch, Valid Time: 44.4531s, LR: 1.2500e-04
2025-07-24 06:51:40,649 - Val loss decrease from 15.7588 to 15.7253
2025-07-24 07:01:56,541 - Epoch: 048, Train Loss: 14.7145, Train RMSE: 24.8187, Train MAPE: 0.1115, Train NSE: 0.9788,Train CORR: 0.9894, Valid Loss: 15.7842, Valid RMSE: 27.2610, Valid MAPE: 0.1155, Valid NSE: 0.9669, Valid CORR: 0.9834, Train Time: 571.3891s/epoch, Valid Time: 44.5027s, LR: 1.2500e-04
2025-07-24 07:12:12,504 - Epoch: 049, Train Loss: 14.7041, Train RMSE: 24.8145, Train MAPE: 0.1113, Train NSE: 0.9789,Train CORR: 0.9894, Valid Loss: 15.7564, Valid RMSE: 27.2402, Valid MAPE: 0.1168, Valid NSE: 0.9666, Valid CORR: 0.9832, Train Time: 571.4692s/epoch, Valid Time: 44.4931s, LR: 1.2500e-04
2025-07-24 07:22:28,673 - Epoch: 050, Train Loss: 14.6982, Train RMSE: 24.8016, Train MAPE: 0.1113, Train NSE: 0.9788,Train CORR: 0.9894, Valid Loss: 15.7691, Valid RMSE: 27.2687, Valid MAPE: 0.1172, Valid NSE: 0.9665, Valid CORR: 0.9835, Train Time: 571.4266s/epoch, Valid Time: 44.7425s, LR: 1.2500e-04
2025-07-24 07:23:03,554 - Horizon 1, Test MAE: 12.0081, Test RMSE: 19.8419, Test MAPE: 0.0848, Test NSE: 0.9869, Test CORR: 0.9934, Test mNse: 0.9967, Test kge: 0.9921
2025-07-24 07:23:05,850 - Horizon 2, Test MAE: 13.8080, Test RMSE: 23.2203, Test MAPE: 0.0975, Test NSE: 0.9820, Test CORR: 0.9910, Test mNse: 0.9955, Test kge: 0.9904
2025-07-24 07:23:08,144 - Horizon 3, Test MAE: 15.0291, Test RMSE: 25.3751, Test MAPE: 0.1070, Test NSE: 0.9785, Test CORR: 0.9892, Test mNse: 0.9946, Test kge: 0.9891
2025-07-24 07:23:10,425 - Horizon 4, Test MAE: 15.9760, Test RMSE: 27.0045, Test MAPE: 0.1149, Test NSE: 0.9757, Test CORR: 0.9878, Test mNse: 0.9939, Test kge: 0.9876
2025-07-24 07:23:12,757 - Horizon 5, Test MAE: 16.8508, Test RMSE: 28.4649, Test MAPE: 0.1216, Test NSE: 0.9730, Test CORR: 0.9865, Test mNse: 0.9932, Test kge: 0.9863
2025-07-24 07:23:15,083 - Horizon 6, Test MAE: 17.6446, Test RMSE: 29.8102, Test MAPE: 0.1283, Test NSE: 0.9704, Test CORR: 0.9852, Test mNse: 0.9925, Test kge: 0.9850
2025-07-24 07:23:17,421 - Horizon 7, Test MAE: 18.3874, Test RMSE: 31.0576, Test MAPE: 0.1348, Test NSE: 0.9678, Test CORR: 0.9839, Test mNse: 0.9919, Test kge: 0.9836
2025-07-24 07:23:19,714 - Horizon 8, Test MAE: 19.0393, Test RMSE: 32.1677, Test MAPE: 0.1401, Test NSE: 0.9655, Test CORR: 0.9828, Test mNse: 0.9913, Test kge: 0.9823
2025-07-24 07:23:22,034 - Horizon 9, Test MAE: 19.6582, Test RMSE: 33.1755, Test MAPE: 0.1446, Test NSE: 0.9633, Test CORR: 0.9817, Test mNse: 0.9907, Test kge: 0.9814
2025-07-24 07:23:24,319 - Horizon 10, Test MAE: 20.2515, Test RMSE: 34.1755, Test MAPE: 0.1499, Test NSE: 0.9610, Test CORR: 0.9806, Test mNse: 0.9902, Test kge: 0.9802
2025-07-24 07:23:26,618 - Horizon 11, Test MAE: 20.8212, Test RMSE: 35.1185, Test MAPE: 0.1557, Test NSE: 0.9589, Test CORR: 0.9795, Test mNse: 0.9896, Test kge: 0.9791
2025-07-24 07:23:28,902 - Horizon 12, Test MAE: 21.4191, Test RMSE: 36.0992, Test MAPE: 0.1621, Test NSE: 0.9565, Test CORR: 0.9784, Test mNse: 0.9891, Test kge: 0.9773
2025-07-24 07:23:28,902 - Average Test MAE: 17.5744, Test RMSE: 29.6259, Test MAPE: 0.1284, Test NSE: 0.9700, Test CORR: 0.9850, Test mNse: 0.9924, Test kge: 0.9845
