2025-07-24 22:29:25,795 - Namespace(device='cuda', dataset='SD', years='2019', model_name='Patch_dj_g', seed=1, adj_type='doubletransition', bs=16, seq_len=12, horizon=12, input_dim=3, output_dim=1, mode='train', max_epochs=100, patience=30, cuda=0, batch_size=16, max_epoch=50, learning_rate=0.001, weight_decay=5e-05, clip_grad_value=5, input_len=12, output_len=12, his_len=0, train_ratio=0.6, val_ratio=0.2, test_ratio=0.2, layers=4, tem_patchsize=12, tem_patchnum=1, node_num=716, tod=96, dow=7, input_dims=64, node_dims=64, tod_dims=32, dow_dims=32, patch_num=32, patch_inner=32, patch_file='./data/sd/patch_to_nodes_30_dj_g.json', sub_adj_file='./data/sd/patch_adj_matrices_30_dj_g.json')
2025-07-24 22:29:25,797 - Adj path: 
2025-07-24 22:29:26,765 - Data shape: (35040, 716, 3)
2025-07-24 22:29:27,613 - Sample num: 21010, Batch num: 1313
2025-07-24 22:29:28,465 - Sample num: 7003, Batch num: 437
2025-07-24 22:29:29,317 - Sample num: 7004, Batch num: 437
2025-07-24 22:29:29,338 - The number of parameters: 1838700
2025-07-24 22:29:29,338 - Start training!
2025-07-24 22:30:05,485 - Epoch: 001, Train Loss: 30.3548, Train RMSE: 44.8349, Train MAPE: 0.2494, Train NSE: 0.9309,Train CORR: 0.9666, Valid Loss: 23.4922, Valid RMSE: 36.1440, Valid MAPE: 0.1565, Valid NSE: 0.9381, Valid CORR: 0.9751, Train Time: 32.0684s/epoch, Valid Time: 4.0787s, LR: 1.0000e-03
2025-07-24 22:30:05,496 - Val loss decrease from inf to 23.4922
2025-07-24 22:30:41,295 - Epoch: 002, Train Loss: 21.3771, Train RMSE: 33.0714, Train MAPE: 0.1517, Train NSE: 0.9656,Train CORR: 0.9831, Valid Loss: 19.3482, Valid RMSE: 30.6704, Valid MAPE: 0.1276, Valid NSE: 0.9550, Valid CORR: 0.9776, Train Time: 31.5641s/epoch, Valid Time: 4.2346s, LR: 5.0000e-04
2025-07-24 22:30:41,307 - Val loss decrease from 23.4922 to 19.3482
2025-07-24 22:31:17,535 - Epoch: 003, Train Loss: 19.9607, Train RMSE: 31.0514, Train MAPE: 0.1393, Train NSE: 0.9697,Train CORR: 0.9851, Valid Loss: 18.9379, Valid RMSE: 29.7962, Valid MAPE: 0.1498, Valid NSE: 0.9537, Valid CORR: 0.9771, Train Time: 32.0238s/epoch, Valid Time: 4.2040s, LR: 5.0000e-04
2025-07-24 22:31:17,546 - Val loss decrease from 19.3482 to 18.9379
2025-07-24 22:31:53,909 - Epoch: 004, Train Loss: 19.1755, Train RMSE: 29.9830, Train MAPE: 0.1326, Train NSE: 0.9717,Train CORR: 0.9861, Valid Loss: 18.4491, Valid RMSE: 29.6488, Valid MAPE: 0.1236, Valid NSE: 0.9567, Valid CORR: 0.9784, Train Time: 32.0411s/epoch, Valid Time: 4.3212s, LR: 5.0000e-04
2025-07-24 22:31:53,920 - Val loss decrease from 18.9379 to 18.4491
2025-07-24 22:32:31,084 - Epoch: 005, Train Loss: 18.4827, Train RMSE: 29.0836, Train MAPE: 0.1268, Train NSE: 0.9734,Train CORR: 0.9869, Valid Loss: 17.8075, Valid RMSE: 28.9915, Valid MAPE: 0.1186, Valid NSE: 0.9573, Valid CORR: 0.9786, Train Time: 32.9578s/epoch, Valid Time: 4.2060s, LR: 5.0000e-04
2025-07-24 22:32:31,095 - Val loss decrease from 18.4491 to 17.8075
2025-07-24 22:33:06,993 - Epoch: 006, Train Loss: 18.0202, Train RMSE: 28.4581, Train MAPE: 0.1227, Train NSE: 0.9746,Train CORR: 0.9875, Valid Loss: 17.8562, Valid RMSE: 28.5219, Valid MAPE: 0.1166, Valid NSE: 0.9564, Valid CORR: 0.9781, Train Time: 31.7257s/epoch, Valid Time: 4.1727s, LR: 5.0000e-04
2025-07-24 22:33:42,979 - Epoch: 007, Train Loss: 17.6953, Train RMSE: 28.0274, Train MAPE: 0.1203, Train NSE: 0.9753,Train CORR: 0.9878, Valid Loss: 17.4747, Valid RMSE: 28.1799, Valid MAPE: 0.1175, Valid NSE: 0.9549, Valid CORR: 0.9800, Train Time: 31.9813s/epoch, Valid Time: 4.0038s, LR: 5.0000e-04
2025-07-24 22:33:42,989 - Val loss decrease from 17.8075 to 17.4747
2025-07-24 22:34:19,814 - Epoch: 008, Train Loss: 17.3536, Train RMSE: 27.6056, Train MAPE: 0.1168, Train NSE: 0.9762,Train CORR: 0.9882, Valid Loss: 17.3350, Valid RMSE: 27.9106, Valid MAPE: 0.1163, Valid NSE: 0.9594, Valid CORR: 0.9803, Train Time: 32.5613s/epoch, Valid Time: 4.2636s, LR: 5.0000e-04
2025-07-24 22:34:19,825 - Val loss decrease from 17.4747 to 17.3350
2025-07-24 22:34:56,653 - Epoch: 009, Train Loss: 17.1114, Train RMSE: 27.2734, Train MAPE: 0.1155, Train NSE: 0.9767,Train CORR: 0.9885, Valid Loss: 16.8320, Valid RMSE: 27.2517, Valid MAPE: 0.1174, Valid NSE: 0.9609, Valid CORR: 0.9803, Train Time: 32.5564s/epoch, Valid Time: 4.2718s, LR: 5.0000e-04
2025-07-24 22:34:56,665 - Val loss decrease from 17.3350 to 16.8320
2025-07-24 22:35:33,752 - Epoch: 010, Train Loss: 16.9142, Train RMSE: 27.0474, Train MAPE: 0.1133, Train NSE: 0.9771,Train CORR: 0.9887, Valid Loss: 16.7369, Valid RMSE: 27.4993, Valid MAPE: 0.1062, Valid NSE: 0.9603, Valid CORR: 0.9801, Train Time: 32.8328s/epoch, Valid Time: 4.2545s, LR: 5.0000e-04
2025-07-24 22:35:33,763 - Val loss decrease from 16.8320 to 16.7369
2025-07-24 22:36:11,274 - Epoch: 011, Train Loss: 16.7153, Train RMSE: 26.8120, Train MAPE: 0.1113, Train NSE: 0.9774,Train CORR: 0.9889, Valid Loss: 16.9364, Valid RMSE: 27.5306, Valid MAPE: 0.1110, Valid NSE: 0.9605, Valid CORR: 0.9803, Train Time: 33.1420s/epoch, Valid Time: 4.3687s, LR: 5.0000e-04
2025-07-24 22:36:48,583 - Epoch: 012, Train Loss: 16.5763, Train RMSE: 26.6312, Train MAPE: 0.1107, Train NSE: 0.9778,Train CORR: 0.9890, Valid Loss: 16.6153, Valid RMSE: 26.9986, Valid MAPE: 0.1101, Valid NSE: 0.9618, Valid CORR: 0.9810, Train Time: 32.9797s/epoch, Valid Time: 4.3288s, LR: 5.0000e-04
2025-07-24 22:36:48,593 - Val loss decrease from 16.7369 to 16.6153
2025-07-24 22:37:25,691 - Epoch: 013, Train Loss: 16.3912, Train RMSE: 26.3878, Train MAPE: 0.1090, Train NSE: 0.9781,Train CORR: 0.9892, Valid Loss: 16.7411, Valid RMSE: 26.9247, Valid MAPE: 0.1297, Valid NSE: 0.9620, Valid CORR: 0.9818, Train Time: 32.8328s/epoch, Valid Time: 4.2643s, LR: 5.0000e-04
2025-07-24 22:38:02,246 - Epoch: 014, Train Loss: 16.2459, Train RMSE: 26.2124, Train MAPE: 0.1076, Train NSE: 0.9784,Train CORR: 0.9893, Valid Loss: 16.9542, Valid RMSE: 27.3720, Valid MAPE: 0.1158, Valid NSE: 0.9586, Valid CORR: 0.9815, Train Time: 32.4220s/epoch, Valid Time: 4.1321s, LR: 5.0000e-04
2025-07-24 22:38:39,541 - Epoch: 015, Train Loss: 16.1000, Train RMSE: 26.0109, Train MAPE: 0.1068, Train NSE: 0.9788,Train CORR: 0.9895, Valid Loss: 16.8107, Valid RMSE: 27.4398, Valid MAPE: 0.1078, Valid NSE: 0.9588, Valid CORR: 0.9805, Train Time: 33.2607s/epoch, Valid Time: 4.0341s, LR: 5.0000e-04
2025-07-24 22:39:15,636 - Epoch: 016, Train Loss: 16.0312, Train RMSE: 25.9193, Train MAPE: 0.1057, Train NSE: 0.9790,Train CORR: 0.9896, Valid Loss: 16.3273, Valid RMSE: 26.7059, Valid MAPE: 0.1050, Valid NSE: 0.9632, Valid CORR: 0.9816, Train Time: 32.0691s/epoch, Valid Time: 4.0263s, LR: 5.0000e-04
2025-07-24 22:39:15,647 - Val loss decrease from 16.6153 to 16.3273
2025-07-24 22:39:52,020 - Epoch: 017, Train Loss: 15.9048, Train RMSE: 25.7892, Train MAPE: 0.1043, Train NSE: 0.9792,Train CORR: 0.9897, Valid Loss: 16.3416, Valid RMSE: 26.6797, Valid MAPE: 0.1050, Valid NSE: 0.9647, Valid CORR: 0.9835, Train Time: 32.1274s/epoch, Valid Time: 4.2451s, LR: 5.0000e-04
2025-07-24 22:40:28,319 - Epoch: 018, Train Loss: 15.8006, Train RMSE: 25.6313, Train MAPE: 0.1041, Train NSE: 0.9794,Train CORR: 0.9898, Valid Loss: 16.1633, Valid RMSE: 26.5832, Valid MAPE: 0.1029, Valid NSE: 0.9663, Valid CORR: 0.9834, Train Time: 32.2313s/epoch, Valid Time: 4.0682s, LR: 5.0000e-04
2025-07-24 22:40:28,330 - Val loss decrease from 16.3273 to 16.1633
2025-07-24 22:41:04,705 - Epoch: 019, Train Loss: 15.6943, Train RMSE: 25.4906, Train MAPE: 0.1029, Train NSE: 0.9796,Train CORR: 0.9899, Valid Loss: 16.1185, Valid RMSE: 26.5688, Valid MAPE: 0.1023, Valid NSE: 0.9642, Valid CORR: 0.9822, Train Time: 32.1593s/epoch, Valid Time: 4.2154s, LR: 5.0000e-04
2025-07-24 22:41:04,715 - Val loss decrease from 16.1633 to 16.1185
2025-07-24 22:41:42,447 - Epoch: 020, Train Loss: 15.6018, Train RMSE: 25.3518, Train MAPE: 0.1024, Train NSE: 0.9799,Train CORR: 0.9900, Valid Loss: 16.1492, Valid RMSE: 26.6719, Valid MAPE: 0.1046, Valid NSE: 0.9662, Valid CORR: 0.9831, Train Time: 33.3443s/epoch, Valid Time: 4.3876s, LR: 5.0000e-04
2025-07-24 22:42:20,097 - Epoch: 021, Train Loss: 15.5508, Train RMSE: 25.2822, Train MAPE: 0.1021, Train NSE: 0.9800,Train CORR: 0.9901, Valid Loss: 16.1287, Valid RMSE: 26.4230, Valid MAPE: 0.1029, Valid NSE: 0.9621, Valid CORR: 0.9810, Train Time: 33.4530s/epoch, Valid Time: 4.1962s, LR: 5.0000e-04
2025-07-24 22:42:57,579 - Epoch: 022, Train Loss: 15.4718, Train RMSE: 25.1993, Train MAPE: 0.1016, Train NSE: 0.9800,Train CORR: 0.9901, Valid Loss: 16.6937, Valid RMSE: 27.1206, Valid MAPE: 0.1088, Valid NSE: 0.9619, Valid CORR: 0.9817, Train Time: 33.2298s/epoch, Valid Time: 4.2526s, LR: 5.0000e-04
2025-07-24 22:43:35,251 - Epoch: 023, Train Loss: 15.4091, Train RMSE: 25.1179, Train MAPE: 0.1007, Train NSE: 0.9802,Train CORR: 0.9902, Valid Loss: 16.1293, Valid RMSE: 26.4549, Valid MAPE: 0.1029, Valid NSE: 0.9640, Valid CORR: 0.9826, Train Time: 33.3842s/epoch, Valid Time: 4.2875s, LR: 5.0000e-04
2025-07-24 22:44:13,102 - Epoch: 024, Train Loss: 15.3440, Train RMSE: 24.9972, Train MAPE: 0.1003, Train NSE: 0.9804,Train CORR: 0.9903, Valid Loss: 15.7577, Valid RMSE: 26.1467, Valid MAPE: 0.0997, Valid NSE: 0.9655, Valid CORR: 0.9829, Train Time: 33.6231s/epoch, Valid Time: 4.2276s, LR: 5.0000e-04
2025-07-24 22:44:13,113 - Val loss decrease from 16.1185 to 15.7577
2025-07-24 22:44:51,201 - Epoch: 025, Train Loss: 15.2977, Train RMSE: 24.9529, Train MAPE: 0.1001, Train NSE: 0.9805,Train CORR: 0.9903, Valid Loss: 15.7146, Valid RMSE: 26.1392, Valid MAPE: 0.1022, Valid NSE: 0.9645, Valid CORR: 0.9827, Train Time: 33.6739s/epoch, Valid Time: 4.4140s, LR: 5.0000e-04
2025-07-24 22:44:51,211 - Val loss decrease from 15.7577 to 15.7146
2025-07-24 22:45:29,291 - Epoch: 026, Train Loss: 15.2238, Train RMSE: 24.8406, Train MAPE: 0.0992, Train NSE: 0.9807,Train CORR: 0.9904, Valid Loss: 15.5951, Valid RMSE: 25.8447, Valid MAPE: 0.1013, Valid NSE: 0.9670, Valid CORR: 0.9835, Train Time: 33.6561s/epoch, Valid Time: 4.4228s, LR: 5.0000e-04
2025-07-24 22:45:29,302 - Val loss decrease from 15.7146 to 15.5951
2025-07-24 22:46:07,449 - Epoch: 027, Train Loss: 15.1541, Train RMSE: 24.7589, Train MAPE: 0.0988, Train NSE: 0.9808,Train CORR: 0.9905, Valid Loss: 16.0698, Valid RMSE: 26.4053, Valid MAPE: 0.0999, Valid NSE: 0.9647, Valid CORR: 0.9832, Train Time: 33.7138s/epoch, Valid Time: 4.4330s, LR: 5.0000e-04
2025-07-24 22:46:45,609 - Epoch: 028, Train Loss: 15.1092, Train RMSE: 24.6825, Train MAPE: 0.0984, Train NSE: 0.9810,Train CORR: 0.9905, Valid Loss: 16.2648, Valid RMSE: 26.5963, Valid MAPE: 0.1041, Valid NSE: 0.9603, Valid CORR: 0.9807, Train Time: 33.7243s/epoch, Valid Time: 4.4357s, LR: 5.0000e-04
2025-07-24 22:47:23,576 - Epoch: 029, Train Loss: 15.0523, Train RMSE: 24.6191, Train MAPE: 0.0980, Train NSE: 0.9810,Train CORR: 0.9906, Valid Loss: 15.7210, Valid RMSE: 26.0995, Valid MAPE: 0.0989, Valid NSE: 0.9673, Valid CORR: 0.9837, Train Time: 33.6403s/epoch, Valid Time: 4.3267s, LR: 5.0000e-04
2025-07-24 22:48:01,284 - Epoch: 030, Train Loss: 15.0070, Train RMSE: 24.5154, Train MAPE: 0.0981, Train NSE: 0.9811,Train CORR: 0.9906, Valid Loss: 15.5918, Valid RMSE: 25.8342, Valid MAPE: 0.0991, Valid NSE: 0.9688, Valid CORR: 0.9843, Train Time: 33.3989s/epoch, Valid Time: 4.3094s, LR: 5.0000e-04
2025-07-24 22:48:01,295 - Val loss decrease from 15.5951 to 15.5918
2025-07-24 22:48:38,739 - Epoch: 031, Train Loss: 14.9483, Train RMSE: 24.4469, Train MAPE: 0.0974, Train NSE: 0.9814,Train CORR: 0.9908, Valid Loss: 15.6379, Valid RMSE: 26.1061, Valid MAPE: 0.0977, Valid NSE: 0.9662, Valid CORR: 0.9833, Train Time: 33.1005s/epoch, Valid Time: 4.3436s, LR: 5.0000e-04
2025-07-24 22:49:16,129 - Epoch: 032, Train Loss: 14.9245, Train RMSE: 24.3881, Train MAPE: 0.0977, Train NSE: 0.9814,Train CORR: 0.9907, Valid Loss: 15.5342, Valid RMSE: 26.0075, Valid MAPE: 0.0987, Valid NSE: 0.9661, Valid CORR: 0.9836, Train Time: 33.2653s/epoch, Valid Time: 4.1242s, LR: 5.0000e-04
2025-07-24 22:49:16,140 - Val loss decrease from 15.5918 to 15.5342
2025-07-24 22:49:54,173 - Epoch: 033, Train Loss: 14.8893, Train RMSE: 24.3588, Train MAPE: 0.0971, Train NSE: 0.9814,Train CORR: 0.9908, Valid Loss: 15.9669, Valid RMSE: 26.2806, Valid MAPE: 0.0995, Valid NSE: 0.9660, Valid CORR: 0.9830, Train Time: 33.5885s/epoch, Valid Time: 4.4441s, LR: 5.0000e-04
2025-07-24 22:50:32,418 - Epoch: 034, Train Loss: 14.8432, Train RMSE: 24.3014, Train MAPE: 0.0967, Train NSE: 0.9816,Train CORR: 0.9908, Valid Loss: 15.7369, Valid RMSE: 26.2881, Valid MAPE: 0.0998, Valid NSE: 0.9660, Valid CORR: 0.9831, Train Time: 33.9559s/epoch, Valid Time: 4.2884s, LR: 5.0000e-04
2025-07-24 22:51:10,318 - Epoch: 035, Train Loss: 14.8263, Train RMSE: 24.2690, Train MAPE: 0.0969, Train NSE: 0.9815,Train CORR: 0.9908, Valid Loss: 16.0943, Valid RMSE: 26.4300, Valid MAPE: 0.1065, Valid NSE: 0.9652, Valid CORR: 0.9827, Train Time: 33.6992s/epoch, Valid Time: 4.2012s, LR: 5.0000e-04
2025-07-24 22:51:48,081 - Epoch: 036, Train Loss: 14.3386, Train RMSE: 23.6859, Train MAPE: 0.0913, Train NSE: 0.9824,Train CORR: 0.9912, Valid Loss: 15.4849, Valid RMSE: 25.8874, Valid MAPE: 0.0946, Valid NSE: 0.9648, Valid CORR: 0.9833, Train Time: 33.4673s/epoch, Valid Time: 4.2953s, LR: 2.5000e-04
2025-07-24 22:51:48,091 - Val loss decrease from 15.5342 to 15.4849
2025-07-24 22:52:26,221 - Epoch: 037, Train Loss: 14.2595, Train RMSE: 23.5680, Train MAPE: 0.0908, Train NSE: 0.9827,Train CORR: 0.9914, Valid Loss: 15.2838, Valid RMSE: 25.7603, Valid MAPE: 0.0935, Valid NSE: 0.9671, Valid CORR: 0.9840, Train Time: 33.6857s/epoch, Valid Time: 4.4433s, LR: 2.5000e-04
2025-07-24 22:52:26,233 - Val loss decrease from 15.4849 to 15.2838
2025-07-24 22:53:04,352 - Epoch: 038, Train Loss: 14.2326, Train RMSE: 23.5360, Train MAPE: 0.0908, Train NSE: 0.9827,Train CORR: 0.9914, Valid Loss: 15.6622, Valid RMSE: 25.9379, Valid MAPE: 0.0992, Valid NSE: 0.9668, Valid CORR: 0.9836, Train Time: 33.6393s/epoch, Valid Time: 4.4793s, LR: 2.5000e-04
2025-07-24 22:53:42,400 - Epoch: 039, Train Loss: 14.2227, Train RMSE: 23.5039, Train MAPE: 0.0909, Train NSE: 0.9827,Train CORR: 0.9914, Valid Loss: 15.4511, Valid RMSE: 25.8639, Valid MAPE: 0.0949, Valid NSE: 0.9667, Valid CORR: 0.9839, Train Time: 33.7631s/epoch, Valid Time: 4.2846s, LR: 2.5000e-04
2025-07-24 22:54:19,717 - Epoch: 040, Train Loss: 14.1842, Train RMSE: 23.4537, Train MAPE: 0.0906, Train NSE: 0.9828,Train CORR: 0.9914, Valid Loss: 15.2831, Valid RMSE: 25.7327, Valid MAPE: 0.0936, Valid NSE: 0.9670, Valid CORR: 0.9841, Train Time: 33.0868s/epoch, Valid Time: 4.2296s, LR: 2.5000e-04
2025-07-24 22:54:19,728 - Val loss decrease from 15.2838 to 15.2831
2025-07-24 22:54:57,356 - Epoch: 041, Train Loss: 13.9614, Train RMSE: 23.1814, Train MAPE: 0.0883, Train NSE: 0.9832,Train CORR: 0.9916, Valid Loss: 15.1824, Valid RMSE: 25.5659, Valid MAPE: 0.0938, Valid NSE: 0.9678, Valid CORR: 0.9844, Train Time: 33.3126s/epoch, Valid Time: 4.3143s, LR: 1.2500e-04
2025-07-24 22:54:57,366 - Val loss decrease from 15.2831 to 15.1824
2025-07-24 22:55:35,502 - Epoch: 042, Train Loss: 13.9202, Train RMSE: 23.1323, Train MAPE: 0.0880, Train NSE: 0.9833,Train CORR: 0.9917, Valid Loss: 15.1446, Valid RMSE: 25.5493, Valid MAPE: 0.0938, Valid NSE: 0.9664, Valid CORR: 0.9842, Train Time: 33.6903s/epoch, Valid Time: 4.4455s, LR: 1.2500e-04
2025-07-24 22:55:35,512 - Val loss decrease from 15.1824 to 15.1446
2025-07-24 22:56:13,362 - Epoch: 043, Train Loss: 13.9002, Train RMSE: 23.0991, Train MAPE: 0.0879, Train NSE: 0.9833,Train CORR: 0.9917, Valid Loss: 15.0826, Valid RMSE: 25.4371, Valid MAPE: 0.0930, Valid NSE: 0.9678, Valid CORR: 0.9845, Train Time: 33.4713s/epoch, Valid Time: 4.3783s, LR: 1.2500e-04
2025-07-24 22:56:13,373 - Val loss decrease from 15.1446 to 15.0826
2025-07-24 22:56:50,556 - Epoch: 044, Train Loss: 13.8737, Train RMSE: 23.0577, Train MAPE: 0.0877, Train NSE: 0.9834,Train CORR: 0.9917, Valid Loss: 15.3214, Valid RMSE: 25.7729, Valid MAPE: 0.0989, Valid NSE: 0.9686, Valid CORR: 0.9845, Train Time: 32.9396s/epoch, Valid Time: 4.2433s, LR: 1.2500e-04
2025-07-24 22:57:26,771 - Epoch: 045, Train Loss: 13.8596, Train RMSE: 23.0319, Train MAPE: 0.0876, Train NSE: 0.9834,Train CORR: 0.9917, Valid Loss: 15.1716, Valid RMSE: 25.6430, Valid MAPE: 0.0932, Valid NSE: 0.9681, Valid CORR: 0.9842, Train Time: 32.1477s/epoch, Valid Time: 4.0675s, LR: 1.2500e-04
2025-07-24 22:58:06,612 - Epoch: 046, Train Loss: 13.8479, Train RMSE: 23.0141, Train MAPE: 0.0876, Train NSE: 0.9835,Train CORR: 0.9917, Valid Loss: 15.0849, Valid RMSE: 25.4529, Valid MAPE: 0.0929, Valid NSE: 0.9686, Valid CORR: 0.9845, Train Time: 35.8271s/epoch, Valid Time: 4.0137s, LR: 1.2500e-04
2025-07-24 22:58:42,900 - Epoch: 047, Train Loss: 13.8326, Train RMSE: 22.9998, Train MAPE: 0.0875, Train NSE: 0.9835,Train CORR: 0.9918, Valid Loss: 15.0544, Valid RMSE: 25.3803, Valid MAPE: 0.0926, Valid NSE: 0.9658, Valid CORR: 0.9838, Train Time: 32.3079s/epoch, Valid Time: 3.9797s, LR: 1.2500e-04
2025-07-24 22:58:42,911 - Val loss decrease from 15.0826 to 15.0544
2025-07-24 22:59:19,201 - Epoch: 048, Train Loss: 13.8129, Train RMSE: 22.9651, Train MAPE: 0.0873, Train NSE: 0.9835,Train CORR: 0.9918, Valid Loss: 15.1470, Valid RMSE: 25.6217, Valid MAPE: 0.0926, Valid NSE: 0.9671, Valid CORR: 0.9845, Train Time: 32.1302s/epoch, Valid Time: 4.1597s, LR: 1.2500e-04
2025-07-24 22:59:55,540 - Epoch: 049, Train Loss: 13.8010, Train RMSE: 22.9541, Train MAPE: 0.0873, Train NSE: 0.9836,Train CORR: 0.9918, Valid Loss: 14.9826, Valid RMSE: 25.4068, Valid MAPE: 0.0923, Valid NSE: 0.9682, Valid CORR: 0.9846, Train Time: 32.3153s/epoch, Valid Time: 4.0239s, LR: 1.2500e-04
2025-07-24 22:59:55,551 - Val loss decrease from 15.0544 to 14.9826
2025-07-24 23:00:31,745 - Epoch: 050, Train Loss: 13.7935, Train RMSE: 22.9361, Train MAPE: 0.0872, Train NSE: 0.9836,Train CORR: 0.9918, Valid Loss: 15.0246, Valid RMSE: 25.3809, Valid MAPE: 0.0929, Valid NSE: 0.9676, Valid CORR: 0.9843, Train Time: 32.0378s/epoch, Valid Time: 4.1565s, LR: 1.2500e-04
2025-07-24 23:00:35,315 - Horizon 1, Test MAE: 11.8922, Test RMSE: 19.3400, Test MAPE: 0.0754, Test NSE: 0.9882, Test CORR: 0.9941, Test mNse: 0.9970, Test kge: 0.9939
2025-07-24 23:00:35,469 - Horizon 2, Test MAE: 13.4436, Test RMSE: 22.4270, Test MAPE: 0.0848, Test NSE: 0.9841, Test CORR: 0.9921, Test mNse: 0.9960, Test kge: 0.9903
2025-07-24 23:00:35,621 - Horizon 3, Test MAE: 14.5271, Test RMSE: 24.4273, Test MAPE: 0.0921, Test NSE: 0.9811, Test CORR: 0.9907, Test mNse: 0.9953, Test kge: 0.9864
2025-07-24 23:00:35,773 - Horizon 4, Test MAE: 15.4429, Test RMSE: 26.0592, Test MAPE: 0.0978, Test NSE: 0.9785, Test CORR: 0.9895, Test mNse: 0.9947, Test kge: 0.9816
2025-07-24 23:00:35,928 - Horizon 5, Test MAE: 16.2193, Test RMSE: 27.4411, Test MAPE: 0.1039, Test NSE: 0.9762, Test CORR: 0.9884, Test mNse: 0.9941, Test kge: 0.9790
2025-07-24 23:00:36,081 - Horizon 6, Test MAE: 16.9233, Test RMSE: 28.7075, Test MAPE: 0.1102, Test NSE: 0.9739, Test CORR: 0.9874, Test mNse: 0.9935, Test kge: 0.9759
2025-07-24 23:00:36,233 - Horizon 7, Test MAE: 17.5180, Test RMSE: 29.7715, Test MAPE: 0.1157, Test NSE: 0.9719, Test CORR: 0.9865, Test mNse: 0.9930, Test kge: 0.9739
2025-07-24 23:00:36,385 - Horizon 8, Test MAE: 18.0407, Test RMSE: 30.7246, Test MAPE: 0.1203, Test NSE: 0.9701, Test CORR: 0.9857, Test mNse: 0.9926, Test kge: 0.9728
2025-07-24 23:00:36,537 - Horizon 9, Test MAE: 18.6190, Test RMSE: 31.7628, Test MAPE: 0.1262, Test NSE: 0.9681, Test CORR: 0.9847, Test mNse: 0.9921, Test kge: 0.9714
2025-07-24 23:00:36,690 - Horizon 10, Test MAE: 19.1959, Test RMSE: 32.7900, Test MAPE: 0.1342, Test NSE: 0.9660, Test CORR: 0.9837, Test mNse: 0.9916, Test kge: 0.9698
2025-07-24 23:00:36,842 - Horizon 11, Test MAE: 19.7034, Test RMSE: 33.8033, Test MAPE: 0.1373, Test NSE: 0.9638, Test CORR: 0.9827, Test mNse: 0.9910, Test kge: 0.9682
2025-07-24 23:00:36,996 - Horizon 12, Test MAE: 20.1556, Test RMSE: 34.7557, Test MAPE: 0.1412, Test NSE: 0.9618, Test CORR: 0.9816, Test mNse: 0.9905, Test kge: 0.9689
2025-07-24 23:00:36,996 - Average Test MAE: 16.8068, Test RMSE: 28.5008, Test MAPE: 0.1116, Test NSE: 0.9736, Test CORR: 0.9873, Test mNse: 0.9935, Test kge: 0.9777
