2025-07-19 01:44:31,692 - Namespace(device='cuda', dataset='GLA', years='2019', model_name='Patch_dj', seed=1, adj_type='doubletransition', bs=16, seq_len=12, horizon=12, input_dim=3, output_dim=1, mode='train', max_epochs=100, patience=30, cuda=0, batch_size=16, max_epoch=50, learning_rate=0.001, weight_decay=5e-05, clip_grad_value=5, input_len=12, output_len=12, his_len=0, train_ratio=0.6, val_ratio=0.2, test_ratio=0.2, layers=4, tem_patchsize=12, tem_patchnum=1, node_num=3834, tod=96, dow=7, input_dims=64, node_dims=64, tod_dims=32, dow_dims=32, patch_file='./data/gla/patch_to_nodes_120_dj.json', sub_adj_file='./data/gla/patch_adj_matrices_120_dj.json', nhead=1)
2025-07-19 01:44:31,694 - Adj path: 
2025-07-19 01:44:36,201 - Data shape: (35040, 3834, 3)
2025-07-19 01:44:40,326 - Sample num: 21010, Batch num: 1313
2025-07-19 01:44:44,462 - Sample num: 7003, Batch num: 437
2025-07-19 01:44:48,636 - Sample num: 7004, Batch num: 437
2025-07-19 01:44:48,763 - The number of parameters: 2038252
2025-07-19 01:44:48,763 - Start training!
2025-07-19 01:47:50,571 - Epoch: 001, Train Loss: 33.8668, Train RMSE: 49.8316, Train MAPE: 0.2995, Train NSE: 0.9201,Train CORR: 0.9605, Valid Loss: 27.7073, Valid RMSE: 42.0363, Valid MAPE: 0.1919, Valid NSE: 0.9556, Valid CORR: 0.9779, Train Time: 161.1907s/epoch, Valid Time: 20.6177s, LR: 1.0000e-03
2025-07-19 01:47:50,628 - Val loss decrease from inf to 27.7073
2025-07-19 01:50:50,906 - Epoch: 002, Train Loss: 23.7998, Train RMSE: 36.5276, Train MAPE: 0.1772, Train NSE: 0.9601,Train CORR: 0.9801, Valid Loss: 22.0797, Valid RMSE: 34.8011, Valid MAPE: 0.1546, Valid NSE: 0.9606, Valid CORR: 0.9801, Train Time: 160.5190s/epoch, Valid Time: 19.7588s, LR: 5.0000e-04
2025-07-19 01:50:50,919 - Val loss decrease from 27.7073 to 22.0797
2025-07-19 01:53:50,232 - Epoch: 003, Train Loss: 21.9537, Train RMSE: 33.9521, Train MAPE: 0.1612, Train NSE: 0.9655,Train CORR: 0.9828, Valid Loss: 20.9197, Valid RMSE: 32.9994, Valid MAPE: 0.1504, Valid NSE: 0.9622, Valid CORR: 0.9814, Train Time: 159.7760s/epoch, Valid Time: 19.5374s, LR: 5.0000e-04
2025-07-19 01:53:50,245 - Val loss decrease from 22.0797 to 20.9197
2025-07-19 01:56:49,981 - Epoch: 004, Train Loss: 20.9340, Train RMSE: 32.6193, Train MAPE: 0.1511, Train NSE: 0.9682,Train CORR: 0.9842, Valid Loss: 21.1472, Valid RMSE: 33.5528, Valid MAPE: 0.1485, Valid NSE: 0.9629, Valid CORR: 0.9814, Train Time: 160.3356s/epoch, Valid Time: 19.3995s, LR: 5.0000e-04
2025-07-19 01:59:50,655 - Epoch: 005, Train Loss: 20.1727, Train RMSE: 31.6461, Train MAPE: 0.1436, Train NSE: 0.9701,Train CORR: 0.9851, Valid Loss: 20.3519, Valid RMSE: 32.5882, Valid MAPE: 0.1441, Valid NSE: 0.9624, Valid CORR: 0.9816, Train Time: 161.1785s/epoch, Valid Time: 19.4959s, LR: 5.0000e-04
2025-07-19 01:59:50,668 - Val loss decrease from 20.9197 to 20.3519
2025-07-19 02:02:51,521 - Epoch: 006, Train Loss: 19.6144, Train RMSE: 30.8886, Train MAPE: 0.1381, Train NSE: 0.9715,Train CORR: 0.9858, Valid Loss: 19.3534, Valid RMSE: 31.4489, Valid MAPE: 0.1318, Valid NSE: 0.9653, Valid CORR: 0.9825, Train Time: 161.1088s/epoch, Valid Time: 19.7437s, LR: 5.0000e-04
2025-07-19 02:02:51,535 - Val loss decrease from 20.3519 to 19.3534
2025-07-19 02:05:52,584 - Epoch: 007, Train Loss: 19.1780, Train RMSE: 30.3299, Train MAPE: 0.1342, Train NSE: 0.9725,Train CORR: 0.9863, Valid Loss: 19.1378, Valid RMSE: 31.1353, Valid MAPE: 0.1293, Valid NSE: 0.9660, Valid CORR: 0.9829, Train Time: 161.3112s/epoch, Valid Time: 19.7375s, LR: 5.0000e-04
2025-07-19 02:05:52,596 - Val loss decrease from 19.3534 to 19.1378
2025-07-19 02:08:52,554 - Epoch: 008, Train Loss: 18.9039, Train RMSE: 29.9727, Train MAPE: 0.1302, Train NSE: 0.9732,Train CORR: 0.9866, Valid Loss: 19.3307, Valid RMSE: 30.9763, Valid MAPE: 0.1302, Valid NSE: 0.9653, Valid CORR: 0.9827, Train Time: 160.6070s/epoch, Valid Time: 19.3506s, LR: 5.0000e-04
2025-07-19 02:11:52,629 - Epoch: 009, Train Loss: 18.5673, Train RMSE: 29.5512, Train MAPE: 0.1273, Train NSE: 0.9739,Train CORR: 0.9870, Valid Loss: 19.0624, Valid RMSE: 30.9246, Valid MAPE: 0.1278, Valid NSE: 0.9659, Valid CORR: 0.9829, Train Time: 160.7248s/epoch, Valid Time: 19.3489s, LR: 5.0000e-04
2025-07-19 02:11:52,642 - Val loss decrease from 19.1378 to 19.0624
2025-07-19 02:14:53,093 - Epoch: 010, Train Loss: 18.2985, Train RMSE: 29.1965, Train MAPE: 0.1240, Train NSE: 0.9746,Train CORR: 0.9873, Valid Loss: 18.8381, Valid RMSE: 30.6773, Valid MAPE: 0.1245, Valid NSE: 0.9658, Valid CORR: 0.9828, Train Time: 161.1841s/epoch, Valid Time: 19.2668s, LR: 5.0000e-04
2025-07-19 02:14:53,106 - Val loss decrease from 19.0624 to 18.8381
2025-07-19 02:17:52,640 - Epoch: 011, Train Loss: 18.1506, Train RMSE: 28.9984, Train MAPE: 0.1234, Train NSE: 0.9749,Train CORR: 0.9875, Valid Loss: 18.7065, Valid RMSE: 30.2951, Valid MAPE: 0.1431, Valid NSE: 0.9656, Valid CORR: 0.9827, Train Time: 160.2691s/epoch, Valid Time: 19.2639s, LR: 5.0000e-04
2025-07-19 02:17:52,652 - Val loss decrease from 18.8381 to 18.7065
2025-07-19 02:20:52,422 - Epoch: 012, Train Loss: 17.9382, Train RMSE: 28.7345, Train MAPE: 0.1207, Train NSE: 0.9754,Train CORR: 0.9877, Valid Loss: 18.3524, Valid RMSE: 29.9560, Valid MAPE: 0.1248, Valid NSE: 0.9656, Valid CORR: 0.9827, Train Time: 160.5436s/epoch, Valid Time: 19.2263s, LR: 5.0000e-04
2025-07-19 02:20:52,434 - Val loss decrease from 18.7065 to 18.3524
2025-07-19 02:23:52,168 - Epoch: 013, Train Loss: 17.7428, Train RMSE: 28.5052, Train MAPE: 0.1190, Train NSE: 0.9757,Train CORR: 0.9879, Valid Loss: 18.5985, Valid RMSE: 30.1422, Valid MAPE: 0.1282, Valid NSE: 0.9671, Valid CORR: 0.9835, Train Time: 160.4420s/epoch, Valid Time: 19.2915s, LR: 5.0000e-04
2025-07-19 02:26:52,446 - Epoch: 014, Train Loss: 17.6216, Train RMSE: 28.3401, Train MAPE: 0.1179, Train NSE: 0.9760,Train CORR: 0.9880, Valid Loss: 18.4270, Valid RMSE: 30.0512, Valid MAPE: 0.1245, Valid NSE: 0.9661, Valid CORR: 0.9829, Train Time: 160.6874s/epoch, Valid Time: 19.5900s, LR: 5.0000e-04
2025-07-19 02:29:52,721 - Epoch: 015, Train Loss: 17.4862, Train RMSE: 28.1797, Train MAPE: 0.1171, Train NSE: 0.9763,Train CORR: 0.9882, Valid Loss: 18.0730, Valid RMSE: 29.6894, Valid MAPE: 0.1189, Valid NSE: 0.9666, Valid CORR: 0.9835, Train Time: 160.6654s/epoch, Valid Time: 19.6095s, LR: 5.0000e-04
2025-07-19 02:29:52,733 - Val loss decrease from 18.3524 to 18.0730
2025-07-19 02:32:52,847 - Epoch: 016, Train Loss: 17.3689, Train RMSE: 28.0221, Train MAPE: 0.1154, Train NSE: 0.9766,Train CORR: 0.9883, Valid Loss: 18.2401, Valid RMSE: 29.7953, Valid MAPE: 0.1246, Valid NSE: 0.9668, Valid CORR: 0.9834, Train Time: 160.6359s/epoch, Valid Time: 19.4779s, LR: 5.0000e-04
2025-07-19 02:35:53,088 - Epoch: 017, Train Loss: 17.2534, Train RMSE: 27.8767, Train MAPE: 0.1149, Train NSE: 0.9768,Train CORR: 0.9884, Valid Loss: 17.7169, Valid RMSE: 29.1862, Valid MAPE: 0.1159, Valid NSE: 0.9660, Valid CORR: 0.9829, Train Time: 160.7411s/epoch, Valid Time: 19.4994s, LR: 5.0000e-04
2025-07-19 02:35:53,100 - Val loss decrease from 18.0730 to 17.7169
2025-07-19 02:38:53,584 - Epoch: 018, Train Loss: 17.1505, Train RMSE: 27.7638, Train MAPE: 0.1138, Train NSE: 0.9770,Train CORR: 0.9885, Valid Loss: 17.9688, Valid RMSE: 29.4669, Valid MAPE: 0.1241, Valid NSE: 0.9658, Valid CORR: 0.9828, Train Time: 160.7940s/epoch, Valid Time: 19.6898s, LR: 5.0000e-04
2025-07-19 02:41:53,697 - Epoch: 019, Train Loss: 17.0739, Train RMSE: 27.6772, Train MAPE: 0.1132, Train NSE: 0.9772,Train CORR: 0.9886, Valid Loss: 18.2285, Valid RMSE: 29.7796, Valid MAPE: 0.1220, Valid NSE: 0.9659, Valid CORR: 0.9829, Train Time: 160.6118s/epoch, Valid Time: 19.5016s, LR: 5.0000e-04
2025-07-19 02:44:53,905 - Epoch: 020, Train Loss: 16.9812, Train RMSE: 27.5582, Train MAPE: 0.1124, Train NSE: 0.9773,Train CORR: 0.9887, Valid Loss: 17.9595, Valid RMSE: 29.4885, Valid MAPE: 0.1187, Valid NSE: 0.9657, Valid CORR: 0.9832, Train Time: 160.6998s/epoch, Valid Time: 19.5073s, LR: 5.0000e-04
2025-07-19 02:47:55,599 - Epoch: 021, Train Loss: 16.9040, Train RMSE: 27.4493, Train MAPE: 0.1117, Train NSE: 0.9775,Train CORR: 0.9888, Valid Loss: 17.7789, Valid RMSE: 29.3233, Valid MAPE: 0.1158, Valid NSE: 0.9630, Valid CORR: 0.9825, Train Time: 162.1219s/epoch, Valid Time: 19.5717s, LR: 5.0000e-04
2025-07-19 02:50:54,632 - Epoch: 022, Train Loss: 16.8559, Train RMSE: 27.3737, Train MAPE: 0.1116, Train NSE: 0.9777,Train CORR: 0.9889, Valid Loss: 17.9443, Valid RMSE: 29.7969, Valid MAPE: 0.1173, Valid NSE: 0.9669, Valid CORR: 0.9836, Train Time: 159.8745s/epoch, Valid Time: 19.1583s, LR: 5.0000e-04
2025-07-19 02:53:53,174 - Epoch: 023, Train Loss: 16.7774, Train RMSE: 27.2963, Train MAPE: 0.1106, Train NSE: 0.9778,Train CORR: 0.9889, Valid Loss: 17.9179, Valid RMSE: 29.2734, Valid MAPE: 0.1154, Valid NSE: 0.9648, Valid CORR: 0.9824, Train Time: 159.1061s/epoch, Valid Time: 19.4357s, LR: 5.0000e-04
2025-07-19 02:56:51,991 - Epoch: 024, Train Loss: 16.6907, Train RMSE: 27.2007, Train MAPE: 0.1100, Train NSE: 0.9779,Train CORR: 0.9890, Valid Loss: 17.4137, Valid RMSE: 28.8682, Valid MAPE: 0.1117, Valid NSE: 0.9672, Valid CORR: 0.9835, Train Time: 159.2680s/epoch, Valid Time: 19.5494s, LR: 5.0000e-04
2025-07-19 02:56:52,003 - Val loss decrease from 17.7169 to 17.4137
2025-07-19 02:59:50,806 - Epoch: 025, Train Loss: 16.6439, Train RMSE: 27.1241, Train MAPE: 0.1096, Train NSE: 0.9781,Train CORR: 0.9891, Valid Loss: 17.7006, Valid RMSE: 29.0504, Valid MAPE: 0.1201, Valid NSE: 0.9662, Valid CORR: 0.9830, Train Time: 159.3358s/epoch, Valid Time: 19.4666s, LR: 5.0000e-04
2025-07-19 03:02:49,541 - Epoch: 026, Train Loss: 16.5942, Train RMSE: 27.0597, Train MAPE: 0.1092, Train NSE: 0.9782,Train CORR: 0.9891, Valid Loss: 17.8282, Valid RMSE: 29.2875, Valid MAPE: 0.1134, Valid NSE: 0.9666, Valid CORR: 0.9832, Train Time: 159.2689s/epoch, Valid Time: 19.4656s, LR: 5.0000e-04
2025-07-19 03:05:48,419 - Epoch: 027, Train Loss: 16.5217, Train RMSE: 26.9647, Train MAPE: 0.1086, Train NSE: 0.9783,Train CORR: 0.9892, Valid Loss: 17.6001, Valid RMSE: 28.8716, Valid MAPE: 0.1142, Valid NSE: 0.9659, Valid CORR: 0.9828, Train Time: 159.3520s/epoch, Valid Time: 19.5254s, LR: 5.0000e-04
2025-07-19 03:08:47,395 - Epoch: 028, Train Loss: 16.4764, Train RMSE: 26.9199, Train MAPE: 0.1081, Train NSE: 0.9784,Train CORR: 0.9892, Valid Loss: 17.3785, Valid RMSE: 28.7405, Valid MAPE: 0.1117, Valid NSE: 0.9661, Valid CORR: 0.9830, Train Time: 159.4880s/epoch, Valid Time: 19.4879s, LR: 5.0000e-04
2025-07-19 03:08:47,408 - Val loss decrease from 17.4137 to 17.3785
2025-07-19 03:11:46,052 - Epoch: 029, Train Loss: 16.4393, Train RMSE: 26.8772, Train MAPE: 0.1079, Train NSE: 0.9785,Train CORR: 0.9892, Valid Loss: 17.8150, Valid RMSE: 29.3923, Valid MAPE: 0.1200, Valid NSE: 0.9655, Valid CORR: 0.9831, Train Time: 159.2798s/epoch, Valid Time: 19.3639s, LR: 5.0000e-04
2025-07-19 03:14:44,916 - Epoch: 030, Train Loss: 16.4112, Train RMSE: 26.8322, Train MAPE: 0.1076, Train NSE: 0.9785,Train CORR: 0.9893, Valid Loss: 17.5947, Valid RMSE: 28.9383, Valid MAPE: 0.1217, Valid NSE: 0.9663, Valid CORR: 0.9830, Train Time: 159.3614s/epoch, Valid Time: 19.5022s, LR: 5.0000e-04
2025-07-19 03:17:43,825 - Epoch: 031, Train Loss: 16.3723, Train RMSE: 26.7852, Train MAPE: 0.1074, Train NSE: 0.9786,Train CORR: 0.9893, Valid Loss: 17.4645, Valid RMSE: 28.7244, Valid MAPE: 0.1136, Valid NSE: 0.9667, Valid CORR: 0.9832, Train Time: 159.3195s/epoch, Valid Time: 19.5894s, LR: 5.0000e-04
2025-07-19 03:20:42,615 - Epoch: 032, Train Loss: 16.3113, Train RMSE: 26.7057, Train MAPE: 0.1066, Train NSE: 0.9788,Train CORR: 0.9894, Valid Loss: 17.7007, Valid RMSE: 29.0916, Valid MAPE: 0.1123, Valid NSE: 0.9652, Valid CORR: 0.9825, Train Time: 159.2815s/epoch, Valid Time: 19.5080s, LR: 5.0000e-04
2025-07-19 03:23:41,530 - Epoch: 033, Train Loss: 16.2757, Train RMSE: 26.6566, Train MAPE: 0.1065, Train NSE: 0.9788,Train CORR: 0.9894, Valid Loss: 17.4662, Valid RMSE: 28.7101, Valid MAPE: 0.1079, Valid NSE: 0.9653, Valid CORR: 0.9829, Train Time: 159.4123s/epoch, Valid Time: 19.5028s, LR: 5.0000e-04
2025-07-19 03:26:40,321 - Epoch: 034, Train Loss: 16.2528, Train RMSE: 26.6279, Train MAPE: 0.1064, Train NSE: 0.9789,Train CORR: 0.9895, Valid Loss: 17.5363, Valid RMSE: 28.7531, Valid MAPE: 0.1130, Valid NSE: 0.9674, Valid CORR: 0.9836, Train Time: 159.2334s/epoch, Valid Time: 19.5574s, LR: 5.0000e-04
2025-07-19 03:29:39,080 - Epoch: 035, Train Loss: 16.2279, Train RMSE: 26.5917, Train MAPE: 0.1065, Train NSE: 0.9789,Train CORR: 0.9895, Valid Loss: 17.3211, Valid RMSE: 28.7126, Valid MAPE: 0.1123, Valid NSE: 0.9638, Valid CORR: 0.9818, Train Time: 159.2155s/epoch, Valid Time: 19.5432s, LR: 5.0000e-04
2025-07-19 03:29:39,093 - Val loss decrease from 17.3785 to 17.3211
2025-07-19 03:32:37,828 - Epoch: 036, Train Loss: 15.7773, Train RMSE: 26.1257, Train MAPE: 0.1006, Train NSE: 0.9797,Train CORR: 0.9898, Valid Loss: 17.0461, Valid RMSE: 28.5312, Valid MAPE: 0.1070, Valid NSE: 0.9651, Valid CORR: 0.9824, Train Time: 159.1985s/epoch, Valid Time: 19.5358s, LR: 2.5000e-04
2025-07-19 03:32:37,840 - Val loss decrease from 17.3211 to 17.0461
2025-07-19 03:35:36,595 - Epoch: 037, Train Loss: 15.7073, Train RMSE: 26.0382, Train MAPE: 0.0996, Train NSE: 0.9798,Train CORR: 0.9899, Valid Loss: 17.1606, Valid RMSE: 28.6118, Valid MAPE: 0.1078, Valid NSE: 0.9656, Valid CORR: 0.9826, Train Time: 159.2199s/epoch, Valid Time: 19.5342s, LR: 2.5000e-04
2025-07-19 03:38:35,414 - Epoch: 038, Train Loss: 15.6721, Train RMSE: 25.9893, Train MAPE: 0.0995, Train NSE: 0.9799,Train CORR: 0.9899, Valid Loss: 16.8774, Valid RMSE: 28.2387, Valid MAPE: 0.1089, Valid NSE: 0.9642, Valid CORR: 0.9821, Train Time: 159.3530s/epoch, Valid Time: 19.4659s, LR: 2.5000e-04
2025-07-19 03:38:35,426 - Val loss decrease from 17.0461 to 16.8774
2025-07-19 03:41:35,436 - Epoch: 039, Train Loss: 15.6384, Train RMSE: 25.9470, Train MAPE: 0.0991, Train NSE: 0.9799,Train CORR: 0.9899, Valid Loss: 16.9325, Valid RMSE: 28.3817, Valid MAPE: 0.1072, Valid NSE: 0.9656, Valid CORR: 0.9827, Train Time: 160.4080s/epoch, Valid Time: 19.6014s, LR: 2.5000e-04
2025-07-19 03:44:57,976 - Epoch: 040, Train Loss: 15.6203, Train RMSE: 25.9280, Train MAPE: 0.0991, Train NSE: 0.9800,Train CORR: 0.9900, Valid Loss: 16.8364, Valid RMSE: 28.2858, Valid MAPE: 0.1066, Valid NSE: 0.9658, Valid CORR: 0.9828, Train Time: 173.7720s/epoch, Valid Time: 28.7670s, LR: 2.5000e-04
2025-07-19 03:44:58,004 - Val loss decrease from 16.8774 to 16.8364
2025-07-19 03:48:00,792 - Epoch: 041, Train Loss: 15.4156, Train RMSE: 25.7143, Train MAPE: 0.0966, Train NSE: 0.9803,Train CORR: 0.9901, Valid Loss: 16.8072, Valid RMSE: 28.3410, Valid MAPE: 0.1040, Valid NSE: 0.9653, Valid CORR: 0.9826, Train Time: 163.4948s/epoch, Valid Time: 19.2926s, LR: 1.2500e-04
2025-07-19 03:48:00,805 - Val loss decrease from 16.8364 to 16.8072
2025-07-19 03:51:00,985 - Epoch: 042, Train Loss: 15.3845, Train RMSE: 25.6678, Train MAPE: 0.0964, Train NSE: 0.9804,Train CORR: 0.9902, Valid Loss: 16.8192, Valid RMSE: 28.2296, Valid MAPE: 0.1041, Valid NSE: 0.9649, Valid CORR: 0.9824, Train Time: 160.5674s/epoch, Valid Time: 19.6119s, LR: 1.2500e-04
2025-07-19 03:54:01,155 - Epoch: 043, Train Loss: 15.3654, Train RMSE: 25.6501, Train MAPE: 0.0962, Train NSE: 0.9804,Train CORR: 0.9902, Valid Loss: 16.8325, Valid RMSE: 28.3216, Valid MAPE: 0.1064, Valid NSE: 0.9651, Valid CORR: 0.9825, Train Time: 160.6548s/epoch, Valid Time: 19.5155s, LR: 1.2500e-04
2025-07-19 03:57:00,853 - Epoch: 044, Train Loss: 15.3453, Train RMSE: 25.6134, Train MAPE: 0.0961, Train NSE: 0.9805,Train CORR: 0.9902, Valid Loss: 16.9247, Valid RMSE: 28.4353, Valid MAPE: 0.1043, Valid NSE: 0.9651, Valid CORR: 0.9824, Train Time: 160.4684s/epoch, Valid Time: 19.2290s, LR: 1.2500e-04
2025-07-19 04:00:00,433 - Epoch: 045, Train Loss: 15.3344, Train RMSE: 25.6003, Train MAPE: 0.0959, Train NSE: 0.9805,Train CORR: 0.9902, Valid Loss: 16.7645, Valid RMSE: 28.2367, Valid MAPE: 0.1044, Valid NSE: 0.9653, Valid CORR: 0.9825, Train Time: 160.3562s/epoch, Valid Time: 19.2242s, LR: 1.2500e-04
2025-07-19 04:00:00,446 - Val loss decrease from 16.8072 to 16.7645
2025-07-19 04:03:00,042 - Epoch: 046, Train Loss: 15.3190, Train RMSE: 25.5823, Train MAPE: 0.0958, Train NSE: 0.9805,Train CORR: 0.9902, Valid Loss: 16.7440, Valid RMSE: 28.1953, Valid MAPE: 0.1096, Valid NSE: 0.9659, Valid CORR: 0.9828, Train Time: 160.3457s/epoch, Valid Time: 19.2501s, LR: 1.2500e-04
2025-07-19 04:03:00,054 - Val loss decrease from 16.7645 to 16.7440
2025-07-19 04:05:59,765 - Epoch: 047, Train Loss: 15.3037, Train RMSE: 25.5688, Train MAPE: 0.0956, Train NSE: 0.9805,Train CORR: 0.9903, Valid Loss: 16.7059, Valid RMSE: 28.1803, Valid MAPE: 0.1044, Valid NSE: 0.9651, Valid CORR: 0.9824, Train Time: 160.4682s/epoch, Valid Time: 19.2422s, LR: 1.2500e-04
2025-07-19 04:05:59,777 - Val loss decrease from 16.7440 to 16.7059
2025-07-19 04:09:02,109 - Epoch: 048, Train Loss: 15.2946, Train RMSE: 25.5546, Train MAPE: 0.0956, Train NSE: 0.9805,Train CORR: 0.9903, Valid Loss: 16.6824, Valid RMSE: 28.1369, Valid MAPE: 0.1036, Valid NSE: 0.9653, Valid CORR: 0.9825, Train Time: 162.7066s/epoch, Valid Time: 19.6256s, LR: 1.2500e-04
2025-07-19 04:09:02,122 - Val loss decrease from 16.7059 to 16.6824
2025-07-19 04:12:07,441 - Epoch: 049, Train Loss: 15.2796, Train RMSE: 25.5252, Train MAPE: 0.0956, Train NSE: 0.9806,Train CORR: 0.9903, Valid Loss: 16.7405, Valid RMSE: 28.2619, Valid MAPE: 0.1038, Valid NSE: 0.9651, Valid CORR: 0.9825, Train Time: 165.8811s/epoch, Valid Time: 19.4383s, LR: 1.2500e-04
2025-07-19 04:15:07,612 - Epoch: 050, Train Loss: 15.2685, Train RMSE: 25.5181, Train MAPE: 0.0955, Train NSE: 0.9806,Train CORR: 0.9903, Valid Loss: 16.7161, Valid RMSE: 28.1522, Valid MAPE: 0.1066, Valid NSE: 0.9653, Valid CORR: 0.9826, Train Time: 160.9295s/epoch, Valid Time: 19.2407s, LR: 1.2500e-04
2025-07-19 04:15:22,480 - Horizon 1, Test MAE: 12.7195, Test RMSE: 20.5540, Test MAPE: 0.0783, Test NSE: 0.9874, Test CORR: 0.9937, Test mNse: 0.9968, Test kge: 0.9915
2025-07-19 04:15:23,289 - Horizon 2, Test MAE: 14.7426, Test RMSE: 24.2020, Test MAPE: 0.0881, Test NSE: 0.9826, Test CORR: 0.9914, Test mNse: 0.9956, Test kge: 0.9887
2025-07-19 04:15:24,208 - Horizon 3, Test MAE: 16.1060, Test RMSE: 26.5339, Test MAPE: 0.0959, Test NSE: 0.9791, Test CORR: 0.9896, Test mNse: 0.9947, Test kge: 0.9869
2025-07-19 04:15:25,021 - Horizon 4, Test MAE: 17.2636, Test RMSE: 28.4477, Test MAPE: 0.1038, Test NSE: 0.9759, Test CORR: 0.9881, Test mNse: 0.9940, Test kge: 0.9845
2025-07-19 04:15:25,837 - Horizon 5, Test MAE: 18.3441, Test RMSE: 30.2603, Test MAPE: 0.1103, Test NSE: 0.9728, Test CORR: 0.9866, Test mNse: 0.9932, Test kge: 0.9822
2025-07-19 04:15:26,648 - Horizon 6, Test MAE: 19.2183, Test RMSE: 31.7394, Test MAPE: 0.1164, Test NSE: 0.9700, Test CORR: 0.9852, Test mNse: 0.9925, Test kge: 0.9815
2025-07-19 04:15:27,465 - Horizon 7, Test MAE: 20.0309, Test RMSE: 33.1286, Test MAPE: 0.1215, Test NSE: 0.9674, Test CORR: 0.9839, Test mNse: 0.9918, Test kge: 0.9800
2025-07-19 04:15:28,277 - Horizon 8, Test MAE: 20.8477, Test RMSE: 34.5166, Test MAPE: 0.1274, Test NSE: 0.9646, Test CORR: 0.9826, Test mNse: 0.9911, Test kge: 0.9774
2025-07-19 04:15:29,097 - Horizon 9, Test MAE: 21.5924, Test RMSE: 35.8061, Test MAPE: 0.1315, Test NSE: 0.9619, Test CORR: 0.9813, Test mNse: 0.9904, Test kge: 0.9755
2025-07-19 04:15:29,918 - Horizon 10, Test MAE: 22.2250, Test RMSE: 36.9388, Test MAPE: 0.1355, Test NSE: 0.9594, Test CORR: 0.9801, Test mNse: 0.9898, Test kge: 0.9748
2025-07-19 04:15:30,735 - Horizon 11, Test MAE: 22.7982, Test RMSE: 37.9247, Test MAPE: 0.1406, Test NSE: 0.9572, Test CORR: 0.9789, Test mNse: 0.9892, Test kge: 0.9743
2025-07-19 04:15:31,551 - Horizon 12, Test MAE: 23.4209, Test RMSE: 38.9619, Test MAPE: 0.1470, Test NSE: 0.9549, Test CORR: 0.9777, Test mNse: 0.9886, Test kge: 0.9729
2025-07-19 04:15:31,551 - Average Test MAE: 19.1091, Test RMSE: 31.5845, Test MAPE: 0.1164, Test NSE: 0.9694, Test CORR: 0.9849, Test mNse: 0.9923, Test kge: 0.9809
