2025-07-24 12:15:17,310 - Namespace(device='cuda', dataset='GBA', years='2019', model_name='Patch_dj_g', seed=1, adj_type='doubletransition', bs=16, seq_len=12, horizon=12, input_dim=3, output_dim=1, mode='train', max_epochs=100, patience=30, cuda=0, batch_size=16, max_epoch=50, learning_rate=0.001, weight_decay=5e-05, clip_grad_value=5, input_len=12, output_len=12, his_len=0, train_ratio=0.6, val_ratio=0.2, test_ratio=0.2, layers=4, tem_patchsize=12, tem_patchnum=1, node_num=2352, tod=96, dow=7, input_dims=64, node_dims=64, tod_dims=32, dow_dims=32, patch_num=32, patch_inner=32, patch_file='./data/gba/patch_to_nodes_84_dj_g.json', sub_adj_file='./data/gba/patch_adj_matrices_84_dj_g.json', nhead=1)
2025-07-24 12:15:17,373 - Adj path: 
2025-07-24 12:15:30,293 - Data shape: (35040, 2352, 3)
2025-07-24 12:15:32,916 - Sample num: 21010, Batch num: 1313
2025-07-24 12:15:35,416 - Sample num: 7003, Batch num: 437
2025-07-24 12:15:38,025 - Sample num: 7004, Batch num: 437
2025-07-24 12:15:38,426 - The number of parameters: 1943404
2025-07-24 12:15:38,426 - Start training!
2025-07-24 12:17:28,604 - Epoch: 001, Train Loss: 31.8437, Train RMSE: 46.5993, Train MAPE: 0.3566, Train NSE: 0.9112,Train CORR: 0.9562, Valid Loss: 25.7466, Valid RMSE: 39.7976, Valid MAPE: 0.2262, Valid NSE: 0.9360, Valid CORR: 0.9680, Train Time: 92.8558s/epoch, Valid Time: 17.3222s, LR: 1.0000e-03
2025-07-24 12:17:28,808 - Val loss decrease from inf to 25.7466
2025-07-24 12:19:17,706 - Epoch: 002, Train Loss: 23.6398, Train RMSE: 36.1821, Train MAPE: 0.2437, Train NSE: 0.9496,Train CORR: 0.9749, Valid Loss: 22.5484, Valid RMSE: 35.8536, Valid MAPE: 0.2332, Valid NSE: 0.9430, Valid CORR: 0.9715, Train Time: 92.1164s/epoch, Valid Time: 16.7807s, LR: 5.0000e-04
2025-07-24 12:19:17,995 - Val loss decrease from 25.7466 to 22.5484
2025-07-24 12:20:51,166 - Epoch: 003, Train Loss: 22.2236, Train RMSE: 34.4216, Train MAPE: 0.2238, Train NSE: 0.9543,Train CORR: 0.9772, Valid Loss: 21.8062, Valid RMSE: 35.2179, Valid MAPE: 0.1945, Valid NSE: 0.9415, Valid CORR: 0.9709, Train Time: 83.2057s/epoch, Valid Time: 9.9644s, LR: 5.0000e-04
2025-07-24 12:20:51,178 - Val loss decrease from 22.5484 to 21.8062
2025-07-24 12:22:16,218 - Epoch: 004, Train Loss: 21.3838, Train RMSE: 33.3991, Train MAPE: 0.2108, Train NSE: 0.9569,Train CORR: 0.9785, Valid Loss: 21.0016, Valid RMSE: 34.2907, Valid MAPE: 0.2072, Valid NSE: 0.9456, Valid CORR: 0.9726, Train Time: 74.4101s/epoch, Valid Time: 10.6291s, LR: 5.0000e-04
2025-07-24 12:22:16,230 - Val loss decrease from 21.8062 to 21.0016
2025-07-24 12:23:45,833 - Epoch: 005, Train Loss: 20.7393, Train RMSE: 32.6270, Train MAPE: 0.2000, Train NSE: 0.9590,Train CORR: 0.9796, Valid Loss: 20.5022, Valid RMSE: 33.8811, Valid MAPE: 0.1829, Valid NSE: 0.9478, Valid CORR: 0.9738, Train Time: 78.8721s/epoch, Valid Time: 10.7298s, LR: 5.0000e-04
2025-07-24 12:23:45,844 - Val loss decrease from 21.0016 to 20.5022
2025-07-24 12:25:21,726 - Epoch: 006, Train Loss: 20.2965, Train RMSE: 32.0723, Train MAPE: 0.1934, Train NSE: 0.9603,Train CORR: 0.9802, Valid Loss: 20.1180, Valid RMSE: 33.3765, Valid MAPE: 0.1914, Valid NSE: 0.9449, Valid CORR: 0.9737, Train Time: 82.2715s/epoch, Valid Time: 13.6095s, LR: 5.0000e-04
2025-07-24 12:25:21,741 - Val loss decrease from 20.5022 to 20.1180
2025-07-24 12:26:56,276 - Epoch: 007, Train Loss: 19.9412, Train RMSE: 31.6774, Train MAPE: 0.1869, Train NSE: 0.9614,Train CORR: 0.9807, Valid Loss: 19.8194, Valid RMSE: 33.4157, Valid MAPE: 0.1709, Valid NSE: 0.9481, Valid CORR: 0.9740, Train Time: 81.7540s/epoch, Valid Time: 12.7804s, LR: 5.0000e-04
2025-07-24 12:26:56,292 - Val loss decrease from 20.1180 to 19.8194
2025-07-24 12:28:29,323 - Epoch: 008, Train Loss: 19.5966, Train RMSE: 31.2538, Train MAPE: 0.1812, Train NSE: 0.9624,Train CORR: 0.9812, Valid Loss: 19.8897, Valid RMSE: 33.3262, Valid MAPE: 0.1743, Valid NSE: 0.9440, Valid CORR: 0.9717, Train Time: 81.6287s/epoch, Valid Time: 11.4015s, LR: 5.0000e-04
2025-07-24 12:30:22,912 - Epoch: 009, Train Loss: 19.3277, Train RMSE: 30.9119, Train MAPE: 0.1765, Train NSE: 0.9632,Train CORR: 0.9816, Valid Loss: 19.6940, Valid RMSE: 33.0536, Valid MAPE: 0.1688, Valid NSE: 0.9451, Valid CORR: 0.9726, Train Time: 96.1070s/epoch, Valid Time: 17.4814s, LR: 5.0000e-04
2025-07-24 12:30:22,933 - Val loss decrease from 19.8194 to 19.6940
2025-07-24 12:32:12,694 - Epoch: 010, Train Loss: 19.0716, Train RMSE: 30.6431, Train MAPE: 0.1718, Train NSE: 0.9639,Train CORR: 0.9820, Valid Loss: 19.4075, Valid RMSE: 32.7560, Valid MAPE: 0.1667, Valid NSE: 0.9468, Valid CORR: 0.9730, Train Time: 97.8591s/epoch, Valid Time: 11.9009s, LR: 5.0000e-04
2025-07-24 12:32:12,706 - Val loss decrease from 19.6940 to 19.4075
2025-07-24 12:33:38,756 - Epoch: 011, Train Loss: 18.8955, Train RMSE: 30.4321, Train MAPE: 0.1690, Train NSE: 0.9643,Train CORR: 0.9822, Valid Loss: 19.1833, Valid RMSE: 32.4796, Valid MAPE: 0.1629, Valid NSE: 0.9479, Valid CORR: 0.9736, Train Time: 75.6559s/epoch, Valid Time: 10.3941s, LR: 5.0000e-04
2025-07-24 12:33:38,768 - Val loss decrease from 19.4075 to 19.1833
2025-07-24 12:35:07,650 - Epoch: 012, Train Loss: 18.7030, Train RMSE: 30.1868, Train MAPE: 0.1655, Train NSE: 0.9649,Train CORR: 0.9825, Valid Loss: 19.2181, Valid RMSE: 32.7564, Valid MAPE: 0.1649, Valid NSE: 0.9468, Valid CORR: 0.9735, Train Time: 78.5293s/epoch, Valid Time: 10.3518s, LR: 5.0000e-04
2025-07-24 12:36:36,176 - Epoch: 013, Train Loss: 18.5744, Train RMSE: 30.0637, Train MAPE: 0.1633, Train NSE: 0.9652,Train CORR: 0.9827, Valid Loss: 19.0295, Valid RMSE: 32.2989, Valid MAPE: 0.1625, Valid NSE: 0.9476, Valid CORR: 0.9736, Train Time: 77.4946s/epoch, Valid Time: 11.0310s, LR: 5.0000e-04
2025-07-24 12:36:36,188 - Val loss decrease from 19.1833 to 19.0295
2025-07-24 12:38:04,913 - Epoch: 014, Train Loss: 18.4215, Train RMSE: 29.8741, Train MAPE: 0.1609, Train NSE: 0.9657,Train CORR: 0.9829, Valid Loss: 18.8139, Valid RMSE: 32.1369, Valid MAPE: 0.1526, Valid NSE: 0.9459, Valid CORR: 0.9726, Train Time: 77.7498s/epoch, Valid Time: 10.9745s, LR: 5.0000e-04
2025-07-24 12:38:04,923 - Val loss decrease from 19.0295 to 18.8139
2025-07-24 12:39:36,425 - Epoch: 015, Train Loss: 18.3326, Train RMSE: 29.7936, Train MAPE: 0.1587, Train NSE: 0.9658,Train CORR: 0.9829, Valid Loss: 18.7366, Valid RMSE: 32.0865, Valid MAPE: 0.1539, Valid NSE: 0.9481, Valid CORR: 0.9739, Train Time: 80.4768s/epoch, Valid Time: 11.0239s, LR: 5.0000e-04
2025-07-24 12:39:36,437 - Val loss decrease from 18.8139 to 18.7366
2025-07-24 12:41:19,965 - Epoch: 016, Train Loss: 18.2088, Train RMSE: 29.6588, Train MAPE: 0.1567, Train NSE: 0.9661,Train CORR: 0.9831, Valid Loss: 18.9724, Valid RMSE: 32.4180, Valid MAPE: 0.1579, Valid NSE: 0.9467, Valid CORR: 0.9730, Train Time: 85.5612s/epoch, Valid Time: 17.9675s, LR: 5.0000e-04
2025-07-24 12:43:19,966 - Epoch: 017, Train Loss: 18.1085, Train RMSE: 29.5180, Train MAPE: 0.1556, Train NSE: 0.9665,Train CORR: 0.9833, Valid Loss: 18.3796, Valid RMSE: 31.6150, Valid MAPE: 0.1530, Valid NSE: 0.9474, Valid CORR: 0.9736, Train Time: 101.8676s/epoch, Valid Time: 18.1325s, LR: 5.0000e-04
2025-07-24 12:43:19,987 - Val loss decrease from 18.7366 to 18.3796
2025-07-24 12:45:21,393 - Epoch: 018, Train Loss: 18.0211, Train RMSE: 29.4286, Train MAPE: 0.1541, Train NSE: 0.9667,Train CORR: 0.9834, Valid Loss: 18.7392, Valid RMSE: 31.9421, Valid MAPE: 0.1652, Valid NSE: 0.9485, Valid CORR: 0.9743, Train Time: 103.0858s/epoch, Valid Time: 18.3201s, LR: 5.0000e-04
2025-07-24 12:47:16,754 - Epoch: 019, Train Loss: 17.9215, Train RMSE: 29.3181, Train MAPE: 0.1524, Train NSE: 0.9670,Train CORR: 0.9835, Valid Loss: 18.5382, Valid RMSE: 31.6941, Valid MAPE: 0.1561, Valid NSE: 0.9472, Valid CORR: 0.9734, Train Time: 100.9638s/epoch, Valid Time: 14.3962s, LR: 5.0000e-04
2025-07-24 12:49:10,126 - Epoch: 020, Train Loss: 17.8370, Train RMSE: 29.2169, Train MAPE: 0.1512, Train NSE: 0.9672,Train CORR: 0.9836, Valid Loss: 18.4534, Valid RMSE: 31.6685, Valid MAPE: 0.1525, Valid NSE: 0.9457, Valid CORR: 0.9726, Train Time: 95.7400s/epoch, Valid Time: 17.6319s, LR: 5.0000e-04
2025-07-24 12:51:06,338 - Epoch: 021, Train Loss: 17.7568, Train RMSE: 29.1065, Train MAPE: 0.1508, Train NSE: 0.9674,Train CORR: 0.9837, Valid Loss: 18.4739, Valid RMSE: 31.6720, Valid MAPE: 0.1460, Valid NSE: 0.9467, Valid CORR: 0.9731, Train Time: 101.3666s/epoch, Valid Time: 14.8452s, LR: 5.0000e-04
2025-07-24 12:53:02,589 - Epoch: 022, Train Loss: 17.6964, Train RMSE: 29.0457, Train MAPE: 0.1496, Train NSE: 0.9676,Train CORR: 0.9838, Valid Loss: 18.6081, Valid RMSE: 32.7757, Valid MAPE: 0.1484, Valid NSE: 0.9469, Valid CORR: 0.9732, Train Time: 98.4790s/epoch, Valid Time: 17.7723s, LR: 5.0000e-04
2025-07-24 12:54:56,725 - Epoch: 023, Train Loss: 17.6675, Train RMSE: 29.0353, Train MAPE: 0.1489, Train NSE: 0.9676,Train CORR: 0.9838, Valid Loss: 18.4286, Valid RMSE: 31.7708, Valid MAPE: 0.1487, Valid NSE: 0.9466, Valid CORR: 0.9731, Train Time: 96.8642s/epoch, Valid Time: 17.2699s, LR: 5.0000e-04
2025-07-24 12:56:33,738 - Epoch: 024, Train Loss: 17.5487, Train RMSE: 28.8849, Train MAPE: 0.1475, Train NSE: 0.9679,Train CORR: 0.9840, Valid Loss: 18.1886, Valid RMSE: 31.6261, Valid MAPE: 0.1488, Valid NSE: 0.9467, Valid CORR: 0.9733, Train Time: 85.5443s/epoch, Valid Time: 11.4686s, LR: 5.0000e-04
2025-07-24 12:56:33,753 - Val loss decrease from 18.3796 to 18.1886
2025-07-24 12:58:27,641 - Epoch: 025, Train Loss: 17.5268, Train RMSE: 28.8741, Train MAPE: 0.1469, Train NSE: 0.9680,Train CORR: 0.9840, Valid Loss: 18.3951, Valid RMSE: 31.6902, Valid MAPE: 0.1586, Valid NSE: 0.9472, Valid CORR: 0.9733, Train Time: 95.8724s/epoch, Valid Time: 18.0142s, LR: 5.0000e-04
2025-07-24 13:00:21,174 - Epoch: 026, Train Loss: 17.4521, Train RMSE: 28.7696, Train MAPE: 0.1460, Train NSE: 0.9682,Train CORR: 0.9841, Valid Loss: 18.4906, Valid RMSE: 31.5919, Valid MAPE: 0.1547, Valid NSE: 0.9462, Valid CORR: 0.9728, Train Time: 95.7187s/epoch, Valid Time: 17.8129s, LR: 5.0000e-04
2025-07-24 13:02:18,156 - Epoch: 027, Train Loss: 17.4180, Train RMSE: 28.7081, Train MAPE: 0.1458, Train NSE: 0.9684,Train CORR: 0.9842, Valid Loss: 18.3513, Valid RMSE: 31.7756, Valid MAPE: 0.1502, Valid NSE: 0.9498, Valid CORR: 0.9747, Train Time: 98.7947s/epoch, Valid Time: 18.1862s, LR: 5.0000e-04
2025-07-24 13:04:12,644 - Epoch: 028, Train Loss: 17.3626, Train RMSE: 28.6585, Train MAPE: 0.1451, Train NSE: 0.9685,Train CORR: 0.9842, Valid Loss: 18.0250, Valid RMSE: 31.4654, Valid MAPE: 0.1473, Valid NSE: 0.9481, Valid CORR: 0.9738, Train Time: 97.0602s/epoch, Valid Time: 17.4273s, LR: 5.0000e-04
2025-07-24 13:04:12,667 - Val loss decrease from 18.1886 to 18.0250
2025-07-24 13:06:07,961 - Epoch: 029, Train Loss: 17.3158, Train RMSE: 28.5989, Train MAPE: 0.1445, Train NSE: 0.9686,Train CORR: 0.9843, Valid Loss: 18.1772, Valid RMSE: 31.6053, Valid MAPE: 0.1472, Valid NSE: 0.9468, Valid CORR: 0.9733, Train Time: 97.7765s/epoch, Valid Time: 17.5167s, LR: 5.0000e-04
2025-07-24 13:07:47,964 - Epoch: 030, Train Loss: 17.3066, Train RMSE: 28.5735, Train MAPE: 0.1444, Train NSE: 0.9686,Train CORR: 0.9843, Valid Loss: 18.0467, Valid RMSE: 31.4834, Valid MAPE: 0.1445, Valid NSE: 0.9484, Valid CORR: 0.9740, Train Time: 88.9351s/epoch, Valid Time: 11.0669s, LR: 5.0000e-04
2025-07-24 13:09:17,364 - Epoch: 031, Train Loss: 17.2596, Train RMSE: 28.5306, Train MAPE: 0.1437, Train NSE: 0.9686,Train CORR: 0.9843, Valid Loss: 17.9530, Valid RMSE: 31.3255, Valid MAPE: 0.1496, Valid NSE: 0.9502, Valid CORR: 0.9748, Train Time: 78.5161s/epoch, Valid Time: 10.8838s, LR: 5.0000e-04
2025-07-24 13:09:17,376 - Val loss decrease from 18.0250 to 17.9530
2025-07-24 13:10:47,150 - Epoch: 032, Train Loss: 17.2328, Train RMSE: 28.4982, Train MAPE: 0.1433, Train NSE: 0.9688,Train CORR: 0.9844, Valid Loss: 17.9171, Valid RMSE: 31.2029, Valid MAPE: 0.1437, Valid NSE: 0.9452, Valid CORR: 0.9726, Train Time: 79.4272s/epoch, Valid Time: 10.3477s, LR: 5.0000e-04
2025-07-24 13:10:47,162 - Val loss decrease from 17.9530 to 17.9171
2025-07-24 13:12:17,245 - Epoch: 033, Train Loss: 17.1801, Train RMSE: 28.4371, Train MAPE: 0.1427, Train NSE: 0.9689,Train CORR: 0.9844, Valid Loss: 18.1486, Valid RMSE: 31.7193, Valid MAPE: 0.1464, Valid NSE: 0.9504, Valid CORR: 0.9749, Train Time: 79.2147s/epoch, Valid Time: 10.8676s, LR: 5.0000e-04
2025-07-24 13:13:42,974 - Epoch: 034, Train Loss: 17.1460, Train RMSE: 28.3966, Train MAPE: 0.1422, Train NSE: 0.9690,Train CORR: 0.9845, Valid Loss: 18.2571, Valid RMSE: 31.5809, Valid MAPE: 0.1576, Valid NSE: 0.9474, Valid CORR: 0.9735, Train Time: 75.3992s/epoch, Valid Time: 10.3286s, LR: 5.0000e-04
2025-07-24 13:15:09,912 - Epoch: 035, Train Loss: 17.1195, Train RMSE: 28.3536, Train MAPE: 0.1423, Train NSE: 0.9691,Train CORR: 0.9845, Valid Loss: 18.2000, Valid RMSE: 31.6150, Valid MAPE: 0.1442, Valid NSE: 0.9459, Valid CORR: 0.9733, Train Time: 76.3579s/epoch, Valid Time: 10.5786s, LR: 5.0000e-04
2025-07-24 13:16:38,058 - Epoch: 036, Train Loss: 16.7307, Train RMSE: 27.9661, Train MAPE: 0.1365, Train NSE: 0.9700,Train CORR: 0.9850, Valid Loss: 17.7048, Valid RMSE: 31.2040, Valid MAPE: 0.1416, Valid NSE: 0.9488, Valid CORR: 0.9741, Train Time: 77.8357s/epoch, Valid Time: 10.3094s, LR: 2.5000e-04
2025-07-24 13:16:38,069 - Val loss decrease from 17.9171 to 17.7048
2025-07-24 13:18:05,633 - Epoch: 037, Train Loss: 16.6574, Train RMSE: 27.8752, Train MAPE: 0.1355, Train NSE: 0.9701,Train CORR: 0.9850, Valid Loss: 17.8174, Valid RMSE: 31.3940, Valid MAPE: 0.1457, Valid NSE: 0.9466, Valid CORR: 0.9733, Train Time: 77.0773s/epoch, Valid Time: 10.4863s, LR: 2.5000e-04
2025-07-24 13:19:33,568 - Epoch: 038, Train Loss: 16.6283, Train RMSE: 27.8390, Train MAPE: 0.1355, Train NSE: 0.9702,Train CORR: 0.9851, Valid Loss: 17.7315, Valid RMSE: 31.2005, Valid MAPE: 0.1438, Valid NSE: 0.9481, Valid CORR: 0.9738, Train Time: 77.1877s/epoch, Valid Time: 10.7469s, LR: 2.5000e-04
2025-07-24 13:21:01,639 - Epoch: 039, Train Loss: 16.6013, Train RMSE: 27.7964, Train MAPE: 0.1349, Train NSE: 0.9702,Train CORR: 0.9851, Valid Loss: 17.6824, Valid RMSE: 31.1417, Valid MAPE: 0.1396, Valid NSE: 0.9487, Valid CORR: 0.9741, Train Time: 77.2783s/epoch, Valid Time: 10.7920s, LR: 2.5000e-04
2025-07-24 13:21:01,652 - Val loss decrease from 17.7048 to 17.6824
2025-07-24 13:22:28,593 - Epoch: 040, Train Loss: 16.5832, Train RMSE: 27.7749, Train MAPE: 0.1349, Train NSE: 0.9703,Train CORR: 0.9851, Valid Loss: 17.6783, Valid RMSE: 31.2519, Valid MAPE: 0.1425, Valid NSE: 0.9495, Valid CORR: 0.9745, Train Time: 76.6295s/epoch, Valid Time: 10.3104s, LR: 2.5000e-04
2025-07-24 13:22:28,605 - Val loss decrease from 17.6824 to 17.6783
2025-07-24 13:23:52,324 - Epoch: 041, Train Loss: 16.3945, Train RMSE: 27.5917, Train MAPE: 0.1324, Train NSE: 0.9707,Train CORR: 0.9853, Valid Loss: 17.5734, Valid RMSE: 31.1090, Valid MAPE: 0.1392, Valid NSE: 0.9489, Valid CORR: 0.9742, Train Time: 73.7683s/epoch, Valid Time: 9.9508s, LR: 1.2500e-04
2025-07-24 13:23:52,336 - Val loss decrease from 17.6783 to 17.5734
2025-07-24 13:25:16,821 - Epoch: 042, Train Loss: 16.3661, Train RMSE: 27.5528, Train MAPE: 0.1321, Train NSE: 0.9708,Train CORR: 0.9854, Valid Loss: 17.4590, Valid RMSE: 30.9244, Valid MAPE: 0.1401, Valid NSE: 0.9496, Valid CORR: 0.9746, Train Time: 74.5387s/epoch, Valid Time: 9.9454s, LR: 1.2500e-04
2025-07-24 13:25:16,833 - Val loss decrease from 17.5734 to 17.4590
2025-07-24 13:26:42,540 - Epoch: 043, Train Loss: 16.3416, Train RMSE: 27.5195, Train MAPE: 0.1317, Train NSE: 0.9709,Train CORR: 0.9854, Valid Loss: 17.4543, Valid RMSE: 30.9659, Valid MAPE: 0.1383, Valid NSE: 0.9499, Valid CORR: 0.9747, Train Time: 74.8398s/epoch, Valid Time: 10.8667s, LR: 1.2500e-04
2025-07-24 13:26:42,553 - Val loss decrease from 17.4590 to 17.4543
2025-07-24 13:28:24,517 - Epoch: 044, Train Loss: 16.3250, Train RMSE: 27.5007, Train MAPE: 0.1315, Train NSE: 0.9709,Train CORR: 0.9854, Valid Loss: 17.4970, Valid RMSE: 31.0006, Valid MAPE: 0.1391, Valid NSE: 0.9489, Valid CORR: 0.9743, Train Time: 78.8846s/epoch, Valid Time: 23.0769s, LR: 1.2500e-04
2025-07-24 13:29:51,603 - Epoch: 045, Train Loss: 16.3134, Train RMSE: 27.4703, Train MAPE: 0.1314, Train NSE: 0.9710,Train CORR: 0.9855, Valid Loss: 17.3932, Valid RMSE: 30.9264, Valid MAPE: 0.1359, Valid NSE: 0.9502, Valid CORR: 0.9749, Train Time: 76.9841s/epoch, Valid Time: 10.0899s, LR: 1.2500e-04
2025-07-24 13:29:51,615 - Val loss decrease from 17.4543 to 17.3932
2025-07-24 13:31:16,826 - Epoch: 046, Train Loss: 16.2985, Train RMSE: 27.4593, Train MAPE: 0.1313, Train NSE: 0.9710,Train CORR: 0.9855, Valid Loss: 17.5335, Valid RMSE: 31.0676, Valid MAPE: 0.1396, Valid NSE: 0.9489, Valid CORR: 0.9741, Train Time: 75.1744s/epoch, Valid Time: 10.0365s, LR: 1.2500e-04
2025-07-24 13:33:04,988 - Epoch: 047, Train Loss: 16.2888, Train RMSE: 27.4505, Train MAPE: 0.1312, Train NSE: 0.9710,Train CORR: 0.9855, Valid Loss: 17.5736, Valid RMSE: 31.0948, Valid MAPE: 0.1400, Valid NSE: 0.9489, Valid CORR: 0.9742, Train Time: 97.8561s/epoch, Valid Time: 10.3044s, LR: 1.2500e-04
2025-07-24 13:34:32,231 - Epoch: 048, Train Loss: 16.2776, Train RMSE: 27.4345, Train MAPE: 0.1309, Train NSE: 0.9710,Train CORR: 0.9855, Valid Loss: 17.5153, Valid RMSE: 31.0580, Valid MAPE: 0.1388, Valid NSE: 0.9486, Valid CORR: 0.9740, Train Time: 76.5884s/epoch, Valid Time: 10.6540s, LR: 1.2500e-04
2025-07-24 13:36:28,467 - Epoch: 049, Train Loss: 16.2618, Train RMSE: 27.4178, Train MAPE: 0.1309, Train NSE: 0.9711,Train CORR: 0.9855, Valid Loss: 17.5237, Valid RMSE: 31.1182, Valid MAPE: 0.1402, Valid NSE: 0.9479, Valid CORR: 0.9738, Train Time: 104.6212s/epoch, Valid Time: 11.6130s, LR: 1.2500e-04
2025-07-24 13:38:39,779 - Epoch: 050, Train Loss: 16.2491, Train RMSE: 27.4013, Train MAPE: 0.1306, Train NSE: 0.9712,Train CORR: 0.9856, Valid Loss: 17.5322, Valid RMSE: 31.0867, Valid MAPE: 0.1398, Valid NSE: 0.9491, Valid CORR: 0.9743, Train Time: 115.0339s/epoch, Valid Time: 16.2779s, LR: 1.2500e-04
2025-07-24 13:38:55,124 - Horizon 1, Test MAE: 13.4654, Test RMSE: 22.4529, Test MAPE: 0.0943, Test NSE: 0.9812, Test CORR: 0.9906, Test mNse: 0.9952, Test kge: 0.9876
2025-07-24 13:38:55,717 - Horizon 2, Test MAE: 15.5541, Test RMSE: 26.3529, Test MAPE: 0.1117, Test NSE: 0.9741, Test CORR: 0.9870, Test mNse: 0.9934, Test kge: 0.9849
2025-07-24 13:38:56,330 - Horizon 3, Test MAE: 16.9564, Test RMSE: 28.7022, Test MAPE: 0.1234, Test NSE: 0.9693, Test CORR: 0.9846, Test mNse: 0.9922, Test kge: 0.9828
2025-07-24 13:38:56,912 - Horizon 4, Test MAE: 18.0525, Test RMSE: 30.4581, Test MAPE: 0.1327, Test NSE: 0.9654, Test CORR: 0.9827, Test mNse: 0.9912, Test kge: 0.9808
2025-07-24 13:38:57,474 - Horizon 5, Test MAE: 18.9579, Test RMSE: 31.8505, Test MAPE: 0.1409, Test NSE: 0.9622, Test CORR: 0.9810, Test mNse: 0.9904, Test kge: 0.9786
2025-07-24 13:38:58,044 - Horizon 6, Test MAE: 19.8019, Test RMSE: 33.1747, Test MAPE: 0.1493, Test NSE: 0.9590, Test CORR: 0.9794, Test mNse: 0.9896, Test kge: 0.9766
2025-07-24 13:38:58,606 - Horizon 7, Test MAE: 20.5285, Test RMSE: 34.3338, Test MAPE: 0.1551, Test NSE: 0.9560, Test CORR: 0.9780, Test mNse: 0.9888, Test kge: 0.9754
2025-07-24 13:38:59,180 - Horizon 8, Test MAE: 21.2086, Test RMSE: 35.4330, Test MAPE: 0.1613, Test NSE: 0.9532, Test CORR: 0.9766, Test mNse: 0.9881, Test kge: 0.9738
2025-07-24 13:38:59,754 - Horizon 9, Test MAE: 21.8368, Test RMSE: 36.4322, Test MAPE: 0.1678, Test NSE: 0.9505, Test CORR: 0.9752, Test mNse: 0.9874, Test kge: 0.9723
2025-07-24 13:39:00,321 - Horizon 10, Test MAE: 22.4670, Test RMSE: 37.4831, Test MAPE: 0.1738, Test NSE: 0.9476, Test CORR: 0.9739, Test mNse: 0.9867, Test kge: 0.9710
2025-07-24 13:39:00,906 - Horizon 11, Test MAE: 22.9872, Test RMSE: 38.3111, Test MAPE: 0.1810, Test NSE: 0.9453, Test CORR: 0.9726, Test mNse: 0.9861, Test kge: 0.9694
2025-07-24 13:39:01,483 - Horizon 12, Test MAE: 23.5569, Test RMSE: 39.1962, Test MAPE: 0.1879, Test NSE: 0.9427, Test CORR: 0.9714, Test mNse: 0.9854, Test kge: 0.9682
2025-07-24 13:39:01,483 - Average Test MAE: 19.6144, Test RMSE: 32.8484, Test MAPE: 0.1483, Test NSE: 0.9589, Test CORR: 0.9794, Test mNse: 0.9896, Test kge: 0.9768
